cl : Command line warning D9002: ignoring unknown option '-std=c++0x'
cl : Command line warning D9002: ignoring unknown option '-ggdb'
cl : Command line warning D9002: ignoring unknown option '-fPIC'
  Recast.cpp
..\..\external\recastnavigation\Recast\Source\Recast.cpp(19): fatal error C1083: Cannot open include file: 'float.h': No such file or directory
  RecastAlloc.cpp
..\..\external\recastnavigation\Recast\Source\RecastAlloc.cpp(19): fatal error C1083: Cannot open include file: 'stdlib.h': No such file or directory
  RecastArea.cpp
..\..\external\recastnavigation\Recast\Source\RecastArea.cpp(19): fatal error C1083: Cannot open include file: 'float.h': No such file or directory
  RecastContour.cpp
..\..\external\recastnavigation\Recast\Source\RecastContour.cpp(20): fatal error C1083: Cannot open include file: 'math.h': No such file or directory
  RecastFilter.cpp
..\..\external\recastnavigation\Recast\Source\RecastFilter.cpp(20): fatal error C1083: Cannot open include file: 'math.h': No such file or directory
  RecastLayers.cpp
..\..\external\recastnavigation\Recast\Source\RecastLayers.cpp(19): fatal error C1083: Cannot open include file: 'float.h': No such file or directory
  RecastMesh.cpp
..\..\external\recastnavigation\Recast\Source\RecastMesh.cpp(20): fatal error C1083: Cannot open include file: 'math.h': No such file or directory
  RecastMeshDetail.cpp
..\..\external\recastnavigation\Recast\Source\RecastMeshDetail.cpp(19): fatal error C1083: Cannot open include file: 'float.h': No such file or directory
  RecastRasterization.cpp
..\..\external\recastnavigation\Recast\Source\RecastRasterization.cpp(20): fatal error C1083: Cannot open include file: 'math.h': No such file or directory
  RecastRegion.cpp
..\..\external\recastnavigation\Recast\Source\RecastRegion.cpp(19): fatal error C1083: Cannot open include file: 'float.h': No such file or directory
  Generating Code...
