cl : Command line warning D9002: ignoring unknown option '-std=c++0x'
cl : Command line warning D9002: ignoring unknown option '-ggdb'
  ClockWidget.cpp
  CommandLineEngineDriver.cpp
c:\users\taichi\desktop\steersuite\steerlib\include\util/GenericException.h(58): warning C4275: non dll-interface class 'std::exception' used as base for dll-interface class 'Util::GenericException'
  C:\Program Files (x86)\Microsoft Visual Studio\2017\Community\VC\Tools\MSVC\14.10.25017\include\vcruntime_exception.h(43): note: see declaration of 'std::exception'
  c:\users\taichi\desktop\steersuite\steerlib\include\util/GenericException.h(57): note: see declaration of 'Util::GenericException'
c:\users\taichi\desktop\steersuite\steerlib\include\util/XMLParser.h(36): warning C4100: 'subRoot': unreferenced formal parameter
c:\users\taichi\desktop\steersuite\steerlib\include\util/XMLParser.h(36): warning C4100: 'tag': unreferenced formal parameter
c:\users\taichi\desktop\steersuite\steerlib\include\util/XMLParser.h(38): warning C4100: 'subRoot': unreferenced formal parameter
c:\users\taichi\desktop\steersuite\steerlib\include\util/XMLParser.h(38): warning C4100: 'tag': unreferenced formal parameter
c:\users\taichi\desktop\steersuite\steerlib\include\util/XMLParser.h(40): warning C4100: 'indentation': unreferenced formal parameter
c:\users\taichi\desktop\steersuite\steerlib\include\util/XMLParser.h(40): warning C4100: 'out': unreferenced formal parameter
c:\users\taichi\desktop\steersuite\steerlib\include\util/StateMachine.h(41): warning C4100: 'currentState': unreferenced formal parameter
c:\users\taichi\desktop\steersuite\steerlib\include\util/StateMachine.h(41): warning C4100: 'previousState': unreferenced formal parameter
c:\users\taichi\desktop\steersuite\steerlib\include\interfaces/ObstacleInterface.h(27): warning C4100: 'frameNumber': unreferenced formal parameter
c:\users\taichi\desktop\steersuite\steerlib\include\interfaces/ObstacleInterface.h(27): warning C4100: 'dt': unreferenced formal parameter
c:\users\taichi\desktop\steersuite\steerlib\include\interfaces/ObstacleInterface.h(27): warning C4100: 'timeStamp': unreferenced formal parameter
c:\users\taichi\desktop\steersuite\steerlib\include\testcaseio\TestCaseIOPrivate.h(96): warning C4100: 't': unreferenced formal parameter
c:\users\taichi\desktop\steersuite\steerlib\include\testcaseio\TestCaseIOPrivate.h(96): warning C4100: 'r': unreferenced formal parameter
c:\users\taichi\desktop\steersuite\steerlib\include\testcaseio\TestCaseIOPrivate.h(97): warning C4100: 'radius': unreferenced formal parameter
c:\users\taichi\desktop\steersuite\steerlib\include\testcaseio\TestCaseIOPrivate.h(97): warning C4100: 'p': unreferenced formal parameter
c:\users\taichi\desktop\steersuite\steerlib\include\testcaseio\TestCaseIOPrivate.h(98): warning C4100: 'radius': unreferenced formal parameter
c:\users\taichi\desktop\steersuite\steerlib\include\testcaseio\TestCaseIOPrivate.h(98): warning C4100: 'p': unreferenced formal parameter
c:\users\taichi\desktop\steersuite\steerlib\include\interfaces/AgentInterface.h(108): warning C4100: 'item': unreferenced formal parameter
c:\users\taichi\desktop\steersuite\steerlib\include\interfaces/AgentInterface.h(133): warning C4100: 'timeStamp': unreferenced formal parameter
c:\users\taichi\desktop\steersuite\steerlib\include\interfaces/AgentInterface.h(133): warning C4100: 'directiontToRightOfAgent': unreferenced formal parameter
c:\users\taichi\desktop\steersuite\util\include\LogObject.h(89): warning C4267: 'argument': conversion from 'size_t' to 'unsigned int', possible loss of data
c:\users\taichi\desktop\steersuite\steerlib\include\interfaces/ModuleInterface.h(106): warning C4100: 'agent': unreferenced formal parameter
c:\users\taichi\desktop\steersuite\steerlib\include\interfaces/ModuleInterface.h(122): warning C4100: 'frameNumber': unreferenced formal parameter
c:\users\taichi\desktop\steersuite\steerlib\include\interfaces/ModuleInterface.h(122): warning C4100: 'dt': unreferenced formal parameter
c:\users\taichi\desktop\steersuite\steerlib\include\interfaces/ModuleInterface.h(122): warning C4100: 'timeStamp': unreferenced formal parameter
c:\users\taichi\desktop\steersuite\steerlib\include\interfaces/ModuleInterface.h(124): warning C4100: 'frameNumber': unreferenced formal parameter
c:\users\taichi\desktop\steersuite\steerlib\include\interfaces/ModuleInterface.h(124): warning C4100: 'dt': unreferenced formal parameter
c:\users\taichi\desktop\steersuite\steerlib\include\interfaces/ModuleInterface.h(124): warning C4100: 'timeStamp': unreferenced formal parameter
c:\users\taichi\desktop\steersuite\steerlib\include\interfaces/ModuleInterface.h(126): warning C4100: 'action': unreferenced formal parameter
c:\users\taichi\desktop\steersuite\steerlib\include\interfaces/ModuleInterface.h(126): warning C4100: 'key': unreferenced formal parameter
c:\users\taichi\desktop\steersuite\steerlib\include\interfaces/ModuleInterface.h(128): warning C4100: 'deltaY': unreferenced formal parameter
c:\users\taichi\desktop\steersuite\steerlib\include\interfaces/ModuleInterface.h(128): warning C4100: 'deltaX': unreferenced formal parameter
c:\users\taichi\desktop\steersuite\steerlib\include\interfaces/ModuleInterface.h(129): warning C4100: 'action': unreferenced formal parameter
c:\users\taichi\desktop\steersuite\steerlib\include\interfaces/ModuleInterface.h(129): warning C4100: 'button': unreferenced formal parameter
c:\users\taichi\desktop\steersuite\steerlib\include\griddatabase/GridDatabase2D.h(208): warning C4100: 'exclude1': unreferenced formal parameter
c:\users\taichi\desktop\steersuite\steerlib\include\griddatabase/GridDatabase2D.h(210): warning C4100: 'exclude1': unreferenced formal parameter
c:\users\taichi\desktop\steersuite\steerlib\include\griddatabase/GridDatabasePlanningDomain.h(71): warning C4100: 'idealGoalState': unreferenced formal parameter
c:\users\taichi\desktop\steersuite\steerlib\include\interfaces/BenchmarkTechniqueInterface.h(59): warning C4100: 'out': unreferenced formal parameter
c:\users\taichi\desktop\steersuite\steerlib\include\interfaces/BenchmarkTechniqueInterface.h(59): warning C4100: 'simulationMetrics': unreferenced formal parameter
c:\users\taichi\desktop\steersuite\steerlib\include\interfaces/BenchmarkTechniqueInterface.h(61): warning C4100: 'out': unreferenced formal parameter
c:\users\taichi\desktop\steersuite\steerlib\include\interfaces/BenchmarkTechniqueInterface.h(61): warning C4100: 'simulationMetrics': unreferenced formal parameter
c:\users\taichi\desktop\steersuite\steerlib\include\interfaces/BenchmarkTechniqueInterface.h(61): warning C4100: 'agentIndex': unreferenced formal parameter
c:\users\taichi\desktop\steersuite\steerlib\include\benchmarking/BenchmarkEnginePrivate.h(41): warning C4100: 'engineInfo': unreferenced formal parameter
c:\users\taichi\desktop\steersuite\steerlib\include\benchmarking/BenchmarkEnginePrivate.h(41): warning C4100: 'initialConditions': unreferenced formal parameter
c:\users\taichi\desktop\steersuite\steerlib\include\benchmarking/BenchmarkEnginePrivate.h(44): warning C4100: 'frameNumber': unreferenced formal parameter
c:\users\taichi\desktop\steersuite\steerlib\include\benchmarking/BenchmarkEnginePrivate.h(44): warning C4100: 'dt': unreferenced formal parameter
c:\users\taichi\desktop\steersuite\steerlib\include\benchmarking/BenchmarkEnginePrivate.h(44): warning C4100: 'timeStamp': unreferenced formal parameter
c:\users\taichi\desktop\steersuite\steerlib\include\benchmarking/BenchmarkEnginePrivate.h(63): warning C4100: 'newGoal': unreferenced formal parameter
c:\users\taichi\desktop\steersuite\steerlib\include\benchmarking/BenchmarkEnginePrivate.h(77): warning C4100: 'rangeSq': unreferenced formal parameter
c:\users\taichi\desktop\steersuite\steerlib\include\benchmarking/BenchmarkEnginePrivate.h(77): warning C4100: 'agent': unreferenced formal parameter
c:\users\taichi\desktop\steersuite\steerlib\include\benchmarking/CompositeTechnique01.h(26): warning C4100: 'engineInfo': unreferenced formal parameter
c:\users\taichi\desktop\steersuite\steerlib\include\benchmarking/CompositeTechnique01.h(26): warning C4100: 'options': unreferenced formal parameter
c:\users\taichi\desktop\steersuite\steerlib\include\benchmarking/CompositeTechnique01.h(27): warning C4100: 'dt': unreferenced formal parameter
c:\users\taichi\desktop\steersuite\steerlib\include\benchmarking/CompositeTechnique01.h(27): warning C4100: 'timeStamp': unreferenced formal parameter
c:\users\taichi\desktop\steersuite\steerlib\include\benchmarking/CompositeTechnique01.h(27): warning C4100: 'simulationMetrics': unreferenced formal parameter
c:\users\taichi\desktop\steersuite\steerlib\include\benchmarking/CompositeTechnique01.h(28): warning C4100: 'frameNumber': unreferenced formal parameter
c:\users\taichi\desktop\steersuite\steerlib\include\benchmarking/CompositeTechnique01.h(28): warning C4100: 'timePassedSinceLastFrame': unreferenced formal parameter
c:\users\taichi\desktop\steersuite\steerlib\include\benchmarking/CompositeTechnique01.h(28): warning C4100: 'currentTimeStamp': unreferenced formal parameter
c:\users\taichi\desktop\steersuite\steerlib\include\benchmarking/CompositeTechnique01.h(28): warning C4100: 'engineInterface': unreferenced formal parameter
c:\users\taichi\desktop\steersuite\steerlib\include\benchmarking/CompositeTechnique01.h(46): warning C4100: 'scores': unreferenced formal parameter
c:\users\taichi\desktop\steersuite\steerlib\include\benchmarking/CompositeTechnique01.h(46): warning C4100: 'simulationMetrics': unreferenced formal parameter
c:\users\taichi\desktop\steersuite\steerlib\include\benchmarking/CompositeTechnique01.h(46): warning C4100: 'agentIndex': unreferenced formal parameter
c:\users\taichi\desktop\steersuite\steerlib\include\benchmarking/CompositeTechnique02.h(23): warning C4100: 'engineInfo': unreferenced formal parameter
c:\users\taichi\desktop\steersuite\steerlib\include\benchmarking/CompositeTechnique02.h(23): warning C4100: 'options': unreferenced formal parameter
c:\users\taichi\desktop\steersuite\steerlib\include\benchmarking/CompositeTechnique02.h(27): warning C4100: 'dt': unreferenced formal parameter
c:\users\taichi\desktop\steersuite\steerlib\include\benchmarking/CompositeTechnique02.h(27): warning C4100: 'timeStamp': unreferenced formal parameter
c:\users\taichi\desktop\steersuite\steerlib\include\benchmarking/CompositeTechnique02.h(27): warning C4100: 'simulationMetrics': unreferenced formal parameter
c:\users\taichi\desktop\steersuite\steerlib\include\benchmarking/CompositeTechnique02.h(31): warning C4100: 'frameNumber': unreferenced formal parameter
c:\users\taichi\desktop\steersuite\steerlib\include\benchmarking/CompositeTechnique02.h(31): warning C4100: 'timePassedSinceLastFrame': unreferenced formal parameter
c:\users\taichi\desktop\steersuite\steerlib\include\benchmarking/CompositeTechnique02.h(31): warning C4100: 'currentTimeStamp': unreferenced formal parameter
c:\users\taichi\desktop\steersuite\steerlib\include\benchmarking/CompositeTechnique02.h(31): warning C4100: 'engineInterface': unreferenced formal parameter
c:\users\taichi\desktop\steersuite\steerlib\include\benchmarking/EnergyEfficiencyTechnique.h(24): warning C4100: 'engineInfo': unreferenced formal parameter
c:\users\taichi\desktop\steersuite\steerlib\include\benchmarking/EnergyEfficiencyTechnique.h(24): warning C4100: 'options': unreferenced formal parameter
c:\users\taichi\desktop\steersuite\steerlib\include\benchmarking/EnergyEfficiencyTechnique.h(26): warning C4100: 'dt': unreferenced formal parameter
c:\users\taichi\desktop\steersuite\steerlib\include\benchmarking/EnergyEfficiencyTechnique.h(26): warning C4100: 'timeStamp': unreferenced formal parameter
c:\users\taichi\desktop\steersuite\steerlib\include\benchmarking/EnergyEfficiencyTechnique.h(26): warning C4100: 'simulationMetrics': unreferenced formal parameter
c:\users\taichi\desktop\steersuite\steerlib\include\benchmarking/EnergyEfficiencyTechnique.h(29): warning C4100: 'frameNumber': unreferenced formal parameter
c:\users\taichi\desktop\steersuite\steerlib\include\benchmarking/EnergyEfficiencyTechnique.h(29): warning C4100: 'timePassedSinceLastFrame': unreferenced formal parameter
c:\users\taichi\desktop\steersuite\steerlib\include\benchmarking/EnergyEfficiencyTechnique.h(29): warning C4100: 'currentTimeStamp': unreferenced formal parameter
c:\users\taichi\desktop\steersuite\steerlib\include\benchmarking/EnergyEfficiencyTechnique.h(29): warning C4100: 'engineInterface': unreferenced formal parameter
c:\users\taichi\desktop\steersuite\steerlib\include\benchmarking/EnergyEfficiencyTechnique.h(37): warning C4100: 'scores': unreferenced formal parameter
c:\users\taichi\desktop\steersuite\steerlib\include\benchmarking/EnergyEfficiencyTechnique.h(41): warning C4100: 'scores': unreferenced formal parameter
c:\users\taichi\desktop\steersuite\steerlib\include\benchmarking/EnergyEfficiencyTechnique.h(41): warning C4100: 'simulationMetrics': unreferenced formal parameter
c:\users\taichi\desktop\steersuite\steerlib\include\benchmarking/EnergyEfficiencyTechnique.h(41): warning C4100: 'agentIndex': unreferenced formal parameter
c:\users\taichi\desktop\steersuite\steerlib\include\benchmarking/AccelerationEfficiencyTechnique.h(25): warning C4100: 'engineInfo': unreferenced formal parameter
c:\users\taichi\desktop\steersuite\steerlib\include\benchmarking/AccelerationEfficiencyTechnique.h(25): warning C4100: 'options': unreferenced formal parameter
c:\users\taichi\desktop\steersuite\steerlib\include\benchmarking/AccelerationEfficiencyTechnique.h(27): warning C4100: 'dt': unreferenced formal parameter
c:\users\taichi\desktop\steersuite\steerlib\include\benchmarking/AccelerationEfficiencyTechnique.h(27): warning C4100: 'timeStamp': unreferenced formal parameter
c:\users\taichi\desktop\steersuite\steerlib\include\benchmarking/AccelerationEfficiencyTechnique.h(27): warning C4100: 'simulationMetrics': unreferenced formal parameter
c:\users\taichi\desktop\steersuite\steerlib\include\benchmarking/AccelerationEfficiencyTechnique.h(30): warning C4100: 'frameNumber': unreferenced formal parameter
c:\users\taichi\desktop\steersuite\steerlib\include\benchmarking/AccelerationEfficiencyTechnique.h(30): warning C4100: 'timePassedSinceLastFrame': unreferenced formal parameter
c:\users\taichi\desktop\steersuite\steerlib\include\benchmarking/AccelerationEfficiencyTechnique.h(30): warning C4100: 'currentTimeStamp': unreferenced formal parameter
c:\users\taichi\desktop\steersuite\steerlib\include\benchmarking/AccelerationEfficiencyTechnique.h(30): warning C4100: 'engineInterface': unreferenced formal parameter
c:\users\taichi\desktop\steersuite\steerlib\include\benchmarking/AccelerationEfficiencyTechnique.h(60): warning C4100: 'scores': unreferenced formal parameter
c:\users\taichi\desktop\steersuite\steerlib\include\benchmarking/AccelerationEfficiencyTechnique.h(64): warning C4100: 'scores': unreferenced formal parameter
c:\users\taichi\desktop\steersuite\steerlib\include\benchmarking/AccelerationEfficiencyTechnique.h(64): warning C4100: 'simulationMetrics': unreferenced formal parameter
c:\users\taichi\desktop\steersuite\steerlib\include\benchmarking/AccelerationEfficiencyTechnique.h(64): warning C4100: 'agentIndex': unreferenced formal parameter
c:\users\taichi\desktop\steersuite\steerlib\include\benchmarking/CompositeTechniquePLE.h(23): warning C4100: 'engineInfo': unreferenced formal parameter
c:\users\taichi\desktop\steersuite\steerlib\include\benchmarking/CompositeTechniquePLE.h(23): warning C4100: 'options': unreferenced formal parameter
c:\users\taichi\desktop\steersuite\steerlib\include\benchmarking/CompositeTechniquePLE.h(27): warning C4100: 'dt': unreferenced formal parameter
c:\users\taichi\desktop\steersuite\steerlib\include\benchmarking/CompositeTechniquePLE.h(27): warning C4100: 'timeStamp': unreferenced formal parameter
c:\users\taichi\desktop\steersuite\steerlib\include\benchmarking/CompositeTechniquePLE.h(27): warning C4100: 'simulationMetrics': unreferenced formal parameter
c:\users\taichi\desktop\steersuite\steerlib\include\benchmarking/CompositeTechniquePLE.h(28): warning C4100: 'frameNumber': unreferenced formal parameter
c:\users\taichi\desktop\steersuite\steerlib\include\benchmarking/CompositeTechniquePLE.h(28): warning C4100: 'timePassedSinceLastFrame': unreferenced formal parameter
c:\users\taichi\desktop\steersuite\steerlib\include\benchmarking/CompositeTechniquePLE.h(28): warning C4100: 'currentTimeStamp': unreferenced formal parameter
c:\users\taichi\desktop\steersuite\steerlib\include\benchmarking/CompositeTechniquePLE.h(28): warning C4100: 'engineInterface': unreferenced formal parameter
c:\users\taichi\desktop\steersuite\steerlib\include\modules/DummyAIModule.h(20): warning C4100: 'engineInfo': unreferenced formal parameter
c:\users\taichi\desktop\steersuite\steerlib\include\modules/DummyAIModule.h(36): warning C4100: 'frameNumber': unreferenced formal parameter
c:\users\taichi\desktop\steersuite\steerlib\include\modules/DummyAIModule.h(36): warning C4100: 'dt': unreferenced formal parameter
c:\users\taichi\desktop\steersuite\steerlib\include\modules/DummyAIModule.h(36): warning C4100: 'timeStamp': unreferenced formal parameter
c:\users\taichi\desktop\steersuite\steerlib\include\modules/DummyAIModule.h(59): warning C4100: 'newGoal': unreferenced formal parameter
c:\users\taichi\desktop\steersuite\steerlib\include\modules/DummyAIModule.h(66): warning C4100: 'rangeSq': unreferenced formal parameter
c:\users\taichi\desktop\steersuite\steerlib\include\modules/DummyAIModule.h(66): warning C4100: 'agent': unreferenced formal parameter
c:\users\taichi\desktop\steersuite\steerlib\include\modules/DummyAIModule.h(86): warning C4100: 'engineInfo': unreferenced formal parameter
c:\users\taichi\desktop\steersuite\steerlib\include\modules/DummyAIModule.h(86): warning C4100: 'options': unreferenced formal parameter
c:\users\taichi\desktop\steersuite\steerlib\include\modules/MetricsCollectorModule.h(27): warning C4100: 'options': unreferenced formal parameter
c:\users\taichi\desktop\steersuite\steerlib\include\modules/MetricsCollectorModule.h(55): warning C4100: 'frameNumber': unreferenced formal parameter
c:\users\taichi\desktop\steersuite\steerlib\include\modules/RecFilePlayerModule.h(23): warning C4100: 'engineInfo': unreferenced formal parameter
c:\users\taichi\desktop\steersuite\steerlib\include\modules/RecFilePlayerModule.h(23): warning C4100: 'initialConditions': unreferenced formal parameter
c:\users\taichi\desktop\steersuite\steerlib\include\modules/RecFilePlayerModule.h(24): warning C4100: 'frameNumber': unreferenced formal parameter
c:\users\taichi\desktop\steersuite\steerlib\include\modules/RecFilePlayerModule.h(24): warning C4100: 'dt': unreferenced formal parameter
c:\users\taichi\desktop\steersuite\steerlib\include\modules/RecFilePlayerModule.h(24): warning C4100: 'timeStamp': unreferenced formal parameter
c:\users\taichi\desktop\steersuite\steerlib\include\modules/RecFilePlayerModule.h(36): warning C4100: 'newGoal': unreferenced formal parameter
c:\users\taichi\desktop\steersuite\steerlib\include\modules/RecFilePlayerModule.h(43): warning C4100: 'rangeSq': unreferenced formal parameter
c:\users\taichi\desktop\steersuite\steerlib\include\modules/RecFilePlayerModule.h(43): warning C4100: 'agent': unreferenced formal parameter
c:\users\taichi\desktop\steersuite\steerlib\include\modules/SteerBenchModule.h(63): warning C4100: 'frameNumber': unreferenced formal parameter
c:\users\taichi\desktop\steersuite\steerlib\include\modules/SteerBenchModule.h(63): warning C4100: 'dt': unreferenced formal parameter
c:\users\taichi\desktop\steersuite\steerlib\include\modules/SteerBenchModule.h(63): warning C4100: 'timeStamp': unreferenced formal parameter
c:\users\taichi\desktop\steersuite\steerlib\include\modules/SteerBugModule.h(25): warning C4100: 'engineInfo': unreferenced formal parameter
c:\users\taichi\desktop\steersuite\steerlib\include\modules/SteerBugModule.h(25): warning C4100: 'options': unreferenced formal parameter
..\..\steersimlib\src\CommandLineEngineDriver.cpp(154): warning C4456: declaration of 'out' hides previous local declaration
  ..\..\steersimlib\src\CommandLineEngineDriver.cpp(131): note: see declaration of 'out'
..\..\steersimlib\src\CommandLineEngineDriver.cpp(149): warning C4996: 'strncpy': This function or variable may be unsafe. Consider using strncpy_s instead. To disable deprecation, use _CRT_SECURE_NO_WARNINGS. See online help for details.
  C:\Program Files (x86)\Windows Kits\10\Include\10.0.10240.0\ucrt\string.h(346): note: see declaration of 'strncpy'
..\..\steersimlib\src\CommandLineEngineDriver.cpp(155): warning C4996: 'strncpy': This function or variable may be unsafe. Consider using strncpy_s instead. To disable deprecation, use _CRT_SECURE_NO_WARNINGS. See online help for details.
  C:\Program Files (x86)\Windows Kits\10\Include\10.0.10240.0\ucrt\string.h(346): note: see declaration of 'strncpy'
c:\program files (x86)\microsoft visual studio\2017\community\vc\auxiliary\vs\include\gl\freeglut_std.h(623): warning C4505: 'glutInit_ATEXIT_HACK': unreferenced local function has been removed
c:\program files (x86)\microsoft visual studio\2017\community\vc\auxiliary\vs\include\gl\freeglut_std.h(625): warning C4505: 'glutCreateWindow_ATEXIT_HACK': unreferenced local function has been removed
c:\program files (x86)\microsoft visual studio\2017\community\vc\auxiliary\vs\include\gl\freeglut_std.h(627): warning C4505: 'glutCreateMenu_ATEXIT_HACK': unreferenced local function has been removed
  ConsoleWidget.cpp
  GLFWEngineDriver.cpp
c:\users\taichi\desktop\steersuite\steerlib\include\util/GenericException.h(58): warning C4275: non dll-interface class 'std::exception' used as base for dll-interface class 'Util::GenericException'
  C:\Program Files (x86)\Microsoft Visual Studio\2017\Community\VC\Tools\MSVC\14.10.25017\include\vcruntime_exception.h(43): note: see declaration of 'std::exception'
  c:\users\taichi\desktop\steersuite\steerlib\include\util/GenericException.h(57): note: see declaration of 'Util::GenericException'
c:\users\taichi\desktop\steersuite\steerlib\include\util/XMLParser.h(36): warning C4100: 'subRoot': unreferenced formal parameter
c:\users\taichi\desktop\steersuite\steerlib\include\util/XMLParser.h(36): warning C4100: 'tag': unreferenced formal parameter
c:\users\taichi\desktop\steersuite\steerlib\include\util/XMLParser.h(38): warning C4100: 'subRoot': unreferenced formal parameter
c:\users\taichi\desktop\steersuite\steerlib\include\util/XMLParser.h(38): warning C4100: 'tag': unreferenced formal parameter
c:\users\taichi\desktop\steersuite\steerlib\include\util/XMLParser.h(40): warning C4100: 'indentation': unreferenced formal parameter
c:\users\taichi\desktop\steersuite\steerlib\include\util/XMLParser.h(40): warning C4100: 'out': unreferenced formal parameter
c:\users\taichi\desktop\steersuite\steerlib\include\util/StateMachine.h(41): warning C4100: 'currentState': unreferenced formal parameter
c:\users\taichi\desktop\steersuite\steerlib\include\util/StateMachine.h(41): warning C4100: 'previousState': unreferenced formal parameter
c:\users\taichi\desktop\steersuite\steerlib\include\interfaces/ObstacleInterface.h(27): warning C4100: 'frameNumber': unreferenced formal parameter
c:\users\taichi\desktop\steersuite\steerlib\include\interfaces/ObstacleInterface.h(27): warning C4100: 'dt': unreferenced formal parameter
c:\users\taichi\desktop\steersuite\steerlib\include\interfaces/ObstacleInterface.h(27): warning C4100: 'timeStamp': unreferenced formal parameter
c:\users\taichi\desktop\steersuite\steerlib\include\testcaseio\TestCaseIOPrivate.h(96): warning C4100: 't': unreferenced formal parameter
c:\users\taichi\desktop\steersuite\steerlib\include\testcaseio\TestCaseIOPrivate.h(96): warning C4100: 'r': unreferenced formal parameter
c:\users\taichi\desktop\steersuite\steerlib\include\testcaseio\TestCaseIOPrivate.h(97): warning C4100: 'radius': unreferenced formal parameter
c:\users\taichi\desktop\steersuite\steerlib\include\testcaseio\TestCaseIOPrivate.h(97): warning C4100: 'p': unreferenced formal parameter
c:\users\taichi\desktop\steersuite\steerlib\include\testcaseio\TestCaseIOPrivate.h(98): warning C4100: 'radius': unreferenced formal parameter
c:\users\taichi\desktop\steersuite\steerlib\include\testcaseio\TestCaseIOPrivate.h(98): warning C4100: 'p': unreferenced formal parameter
c:\users\taichi\desktop\steersuite\steerlib\include\interfaces/AgentInterface.h(108): warning C4100: 'item': unreferenced formal parameter
c:\users\taichi\desktop\steersuite\steerlib\include\interfaces/AgentInterface.h(133): warning C4100: 'timeStamp': unreferenced formal parameter
c:\users\taichi\desktop\steersuite\steerlib\include\interfaces/AgentInterface.h(133): warning C4100: 'directiontToRightOfAgent': unreferenced formal parameter
c:\users\taichi\desktop\steersuite\util\include\LogObject.h(89): warning C4267: 'argument': conversion from 'size_t' to 'unsigned int', possible loss of data
c:\users\taichi\desktop\steersuite\steerlib\include\interfaces/ModuleInterface.h(106): warning C4100: 'agent': unreferenced formal parameter
c:\users\taichi\desktop\steersuite\steerlib\include\interfaces/ModuleInterface.h(122): warning C4100: 'frameNumber': unreferenced formal parameter
c:\users\taichi\desktop\steersuite\steerlib\include\interfaces/ModuleInterface.h(122): warning C4100: 'dt': unreferenced formal parameter
c:\users\taichi\desktop\steersuite\steerlib\include\interfaces/ModuleInterface.h(122): warning C4100: 'timeStamp': unreferenced formal parameter
c:\users\taichi\desktop\steersuite\steerlib\include\interfaces/ModuleInterface.h(124): warning C4100: 'frameNumber': unreferenced formal parameter
c:\users\taichi\desktop\steersuite\steerlib\include\interfaces/ModuleInterface.h(124): warning C4100: 'dt': unreferenced formal parameter
c:\users\taichi\desktop\steersuite\steerlib\include\interfaces/ModuleInterface.h(124): warning C4100: 'timeStamp': unreferenced formal parameter
c:\users\taichi\desktop\steersuite\steerlib\include\interfaces/ModuleInterface.h(126): warning C4100: 'action': unreferenced formal parameter
c:\users\taichi\desktop\steersuite\steerlib\include\interfaces/ModuleInterface.h(126): warning C4100: 'key': unreferenced formal parameter
c:\users\taichi\desktop\steersuite\steerlib\include\interfaces/ModuleInterface.h(128): warning C4100: 'deltaY': unreferenced formal parameter
c:\users\taichi\desktop\steersuite\steerlib\include\interfaces/ModuleInterface.h(128): warning C4100: 'deltaX': unreferenced formal parameter
c:\users\taichi\desktop\steersuite\steerlib\include\interfaces/ModuleInterface.h(129): warning C4100: 'action': unreferenced formal parameter
c:\users\taichi\desktop\steersuite\steerlib\include\interfaces/ModuleInterface.h(129): warning C4100: 'button': unreferenced formal parameter
c:\users\taichi\desktop\steersuite\steerlib\include\griddatabase/GridDatabase2D.h(208): warning C4100: 'exclude1': unreferenced formal parameter
c:\users\taichi\desktop\steersuite\steerlib\include\griddatabase/GridDatabase2D.h(210): warning C4100: 'exclude1': unreferenced formal parameter
c:\users\taichi\desktop\steersuite\steerlib\include\griddatabase/GridDatabasePlanningDomain.h(71): warning C4100: 'idealGoalState': unreferenced formal parameter
c:\users\taichi\desktop\steersuite\steerlib\include\interfaces/BenchmarkTechniqueInterface.h(59): warning C4100: 'out': unreferenced formal parameter
c:\users\taichi\desktop\steersuite\steerlib\include\interfaces/BenchmarkTechniqueInterface.h(59): warning C4100: 'simulationMetrics': unreferenced formal parameter
c:\users\taichi\desktop\steersuite\steerlib\include\interfaces/BenchmarkTechniqueInterface.h(61): warning C4100: 'out': unreferenced formal parameter
c:\users\taichi\desktop\steersuite\steerlib\include\interfaces/BenchmarkTechniqueInterface.h(61): warning C4100: 'simulationMetrics': unreferenced formal parameter
c:\users\taichi\desktop\steersuite\steerlib\include\interfaces/BenchmarkTechniqueInterface.h(61): warning C4100: 'agentIndex': unreferenced formal parameter
c:\users\taichi\desktop\steersuite\steerlib\include\benchmarking/BenchmarkEnginePrivate.h(41): warning C4100: 'engineInfo': unreferenced formal parameter
c:\users\taichi\desktop\steersuite\steerlib\include\benchmarking/BenchmarkEnginePrivate.h(41): warning C4100: 'initialConditions': unreferenced formal parameter
c:\users\taichi\desktop\steersuite\steerlib\include\benchmarking/BenchmarkEnginePrivate.h(44): warning C4100: 'frameNumber': unreferenced formal parameter
c:\users\taichi\desktop\steersuite\steerlib\include\benchmarking/BenchmarkEnginePrivate.h(44): warning C4100: 'dt': unreferenced formal parameter
c:\users\taichi\desktop\steersuite\steerlib\include\benchmarking/BenchmarkEnginePrivate.h(44): warning C4100: 'timeStamp': unreferenced formal parameter
c:\users\taichi\desktop\steersuite\steerlib\include\benchmarking/BenchmarkEnginePrivate.h(63): warning C4100: 'newGoal': unreferenced formal parameter
c:\users\taichi\desktop\steersuite\steerlib\include\benchmarking/BenchmarkEnginePrivate.h(77): warning C4100: 'rangeSq': unreferenced formal parameter
c:\users\taichi\desktop\steersuite\steerlib\include\benchmarking/BenchmarkEnginePrivate.h(77): warning C4100: 'agent': unreferenced formal parameter
c:\users\taichi\desktop\steersuite\steerlib\include\benchmarking/CompositeTechnique01.h(26): warning C4100: 'engineInfo': unreferenced formal parameter
c:\users\taichi\desktop\steersuite\steerlib\include\benchmarking/CompositeTechnique01.h(26): warning C4100: 'options': unreferenced formal parameter
c:\users\taichi\desktop\steersuite\steerlib\include\benchmarking/CompositeTechnique01.h(27): warning C4100: 'dt': unreferenced formal parameter
c:\users\taichi\desktop\steersuite\steerlib\include\benchmarking/CompositeTechnique01.h(27): warning C4100: 'timeStamp': unreferenced formal parameter
c:\users\taichi\desktop\steersuite\steerlib\include\benchmarking/CompositeTechnique01.h(27): warning C4100: 'simulationMetrics': unreferenced formal parameter
c:\users\taichi\desktop\steersuite\steerlib\include\benchmarking/CompositeTechnique01.h(28): warning C4100: 'frameNumber': unreferenced formal parameter
c:\users\taichi\desktop\steersuite\steerlib\include\benchmarking/CompositeTechnique01.h(28): warning C4100: 'timePassedSinceLastFrame': unreferenced formal parameter
c:\users\taichi\desktop\steersuite\steerlib\include\benchmarking/CompositeTechnique01.h(28): warning C4100: 'currentTimeStamp': unreferenced formal parameter
c:\users\taichi\desktop\steersuite\steerlib\include\benchmarking/CompositeTechnique01.h(28): warning C4100: 'engineInterface': unreferenced formal parameter
c:\users\taichi\desktop\steersuite\steerlib\include\benchmarking/CompositeTechnique01.h(46): warning C4100: 'scores': unreferenced formal parameter
c:\users\taichi\desktop\steersuite\steerlib\include\benchmarking/CompositeTechnique01.h(46): warning C4100: 'simulationMetrics': unreferenced formal parameter
c:\users\taichi\desktop\steersuite\steerlib\include\benchmarking/CompositeTechnique01.h(46): warning C4100: 'agentIndex': unreferenced formal parameter
c:\users\taichi\desktop\steersuite\steerlib\include\benchmarking/CompositeTechnique02.h(23): warning C4100: 'engineInfo': unreferenced formal parameter
c:\users\taichi\desktop\steersuite\steerlib\include\benchmarking/CompositeTechnique02.h(23): warning C4100: 'options': unreferenced formal parameter
c:\users\taichi\desktop\steersuite\steerlib\include\benchmarking/CompositeTechnique02.h(27): warning C4100: 'dt': unreferenced formal parameter
c:\users\taichi\desktop\steersuite\steerlib\include\benchmarking/CompositeTechnique02.h(27): warning C4100: 'timeStamp': unreferenced formal parameter
c:\users\taichi\desktop\steersuite\steerlib\include\benchmarking/CompositeTechnique02.h(27): warning C4100: 'simulationMetrics': unreferenced formal parameter
c:\users\taichi\desktop\steersuite\steerlib\include\benchmarking/CompositeTechnique02.h(31): warning C4100: 'frameNumber': unreferenced formal parameter
c:\users\taichi\desktop\steersuite\steerlib\include\benchmarking/CompositeTechnique02.h(31): warning C4100: 'timePassedSinceLastFrame': unreferenced formal parameter
c:\users\taichi\desktop\steersuite\steerlib\include\benchmarking/CompositeTechnique02.h(31): warning C4100: 'currentTimeStamp': unreferenced formal parameter
c:\users\taichi\desktop\steersuite\steerlib\include\benchmarking/CompositeTechnique02.h(31): warning C4100: 'engineInterface': unreferenced formal parameter
c:\users\taichi\desktop\steersuite\steerlib\include\benchmarking/EnergyEfficiencyTechnique.h(24): warning C4100: 'engineInfo': unreferenced formal parameter
c:\users\taichi\desktop\steersuite\steerlib\include\benchmarking/EnergyEfficiencyTechnique.h(24): warning C4100: 'options': unreferenced formal parameter
c:\users\taichi\desktop\steersuite\steerlib\include\benchmarking/EnergyEfficiencyTechnique.h(26): warning C4100: 'dt': unreferenced formal parameter
c:\users\taichi\desktop\steersuite\steerlib\include\benchmarking/EnergyEfficiencyTechnique.h(26): warning C4100: 'timeStamp': unreferenced formal parameter
c:\users\taichi\desktop\steersuite\steerlib\include\benchmarking/EnergyEfficiencyTechnique.h(26): warning C4100: 'simulationMetrics': unreferenced formal parameter
c:\users\taichi\desktop\steersuite\steerlib\include\benchmarking/EnergyEfficiencyTechnique.h(29): warning C4100: 'frameNumber': unreferenced formal parameter
c:\users\taichi\desktop\steersuite\steerlib\include\benchmarking/EnergyEfficiencyTechnique.h(29): warning C4100: 'timePassedSinceLastFrame': unreferenced formal parameter
c:\users\taichi\desktop\steersuite\steerlib\include\benchmarking/EnergyEfficiencyTechnique.h(29): warning C4100: 'currentTimeStamp': unreferenced formal parameter
c:\users\taichi\desktop\steersuite\steerlib\include\benchmarking/EnergyEfficiencyTechnique.h(29): warning C4100: 'engineInterface': unreferenced formal parameter
c:\users\taichi\desktop\steersuite\steerlib\include\benchmarking/EnergyEfficiencyTechnique.h(37): warning C4100: 'scores': unreferenced formal parameter
c:\users\taichi\desktop\steersuite\steerlib\include\benchmarking/EnergyEfficiencyTechnique.h(41): warning C4100: 'scores': unreferenced formal parameter
c:\users\taichi\desktop\steersuite\steerlib\include\benchmarking/EnergyEfficiencyTechnique.h(41): warning C4100: 'simulationMetrics': unreferenced formal parameter
c:\users\taichi\desktop\steersuite\steerlib\include\benchmarking/EnergyEfficiencyTechnique.h(41): warning C4100: 'agentIndex': unreferenced formal parameter
c:\users\taichi\desktop\steersuite\steerlib\include\benchmarking/AccelerationEfficiencyTechnique.h(25): warning C4100: 'engineInfo': unreferenced formal parameter
c:\users\taichi\desktop\steersuite\steerlib\include\benchmarking/AccelerationEfficiencyTechnique.h(25): warning C4100: 'options': unreferenced formal parameter
c:\users\taichi\desktop\steersuite\steerlib\include\benchmarking/AccelerationEfficiencyTechnique.h(27): warning C4100: 'dt': unreferenced formal parameter
c:\users\taichi\desktop\steersuite\steerlib\include\benchmarking/AccelerationEfficiencyTechnique.h(27): warning C4100: 'timeStamp': unreferenced formal parameter
c:\users\taichi\desktop\steersuite\steerlib\include\benchmarking/AccelerationEfficiencyTechnique.h(27): warning C4100: 'simulationMetrics': unreferenced formal parameter
c:\users\taichi\desktop\steersuite\steerlib\include\benchmarking/AccelerationEfficiencyTechnique.h(30): warning C4100: 'frameNumber': unreferenced formal parameter
c:\users\taichi\desktop\steersuite\steerlib\include\benchmarking/AccelerationEfficiencyTechnique.h(30): warning C4100: 'timePassedSinceLastFrame': unreferenced formal parameter
c:\users\taichi\desktop\steersuite\steerlib\include\benchmarking/AccelerationEfficiencyTechnique.h(30): warning C4100: 'currentTimeStamp': unreferenced formal parameter
c:\users\taichi\desktop\steersuite\steerlib\include\benchmarking/AccelerationEfficiencyTechnique.h(30): warning C4100: 'engineInterface': unreferenced formal parameter
c:\users\taichi\desktop\steersuite\steerlib\include\benchmarking/AccelerationEfficiencyTechnique.h(60): warning C4100: 'scores': unreferenced formal parameter
c:\users\taichi\desktop\steersuite\steerlib\include\benchmarking/AccelerationEfficiencyTechnique.h(64): warning C4100: 'scores': unreferenced formal parameter
c:\users\taichi\desktop\steersuite\steerlib\include\benchmarking/AccelerationEfficiencyTechnique.h(64): warning C4100: 'simulationMetrics': unreferenced formal parameter
c:\users\taichi\desktop\steersuite\steerlib\include\benchmarking/AccelerationEfficiencyTechnique.h(64): warning C4100: 'agentIndex': unreferenced formal parameter
c:\users\taichi\desktop\steersuite\steerlib\include\benchmarking/CompositeTechniquePLE.h(23): warning C4100: 'engineInfo': unreferenced formal parameter
c:\users\taichi\desktop\steersuite\steerlib\include\benchmarking/CompositeTechniquePLE.h(23): warning C4100: 'options': unreferenced formal parameter
c:\users\taichi\desktop\steersuite\steerlib\include\benchmarking/CompositeTechniquePLE.h(27): warning C4100: 'dt': unreferenced formal parameter
c:\users\taichi\desktop\steersuite\steerlib\include\benchmarking/CompositeTechniquePLE.h(27): warning C4100: 'timeStamp': unreferenced formal parameter
c:\users\taichi\desktop\steersuite\steerlib\include\benchmarking/CompositeTechniquePLE.h(27): warning C4100: 'simulationMetrics': unreferenced formal parameter
c:\users\taichi\desktop\steersuite\steerlib\include\benchmarking/CompositeTechniquePLE.h(28): warning C4100: 'frameNumber': unreferenced formal parameter
c:\users\taichi\desktop\steersuite\steerlib\include\benchmarking/CompositeTechniquePLE.h(28): warning C4100: 'timePassedSinceLastFrame': unreferenced formal parameter
c:\users\taichi\desktop\steersuite\steerlib\include\benchmarking/CompositeTechniquePLE.h(28): warning C4100: 'currentTimeStamp': unreferenced formal parameter
c:\users\taichi\desktop\steersuite\steerlib\include\benchmarking/CompositeTechniquePLE.h(28): warning C4100: 'engineInterface': unreferenced formal parameter
c:\users\taichi\desktop\steersuite\steerlib\include\modules/DummyAIModule.h(20): warning C4100: 'engineInfo': unreferenced formal parameter
c:\users\taichi\desktop\steersuite\steerlib\include\modules/DummyAIModule.h(36): warning C4100: 'frameNumber': unreferenced formal parameter
c:\users\taichi\desktop\steersuite\steerlib\include\modules/DummyAIModule.h(36): warning C4100: 'dt': unreferenced formal parameter
c:\users\taichi\desktop\steersuite\steerlib\include\modules/DummyAIModule.h(36): warning C4100: 'timeStamp': unreferenced formal parameter
c:\users\taichi\desktop\steersuite\steerlib\include\modules/DummyAIModule.h(59): warning C4100: 'newGoal': unreferenced formal parameter
c:\users\taichi\desktop\steersuite\steerlib\include\modules/DummyAIModule.h(66): warning C4100: 'rangeSq': unreferenced formal parameter
c:\users\taichi\desktop\steersuite\steerlib\include\modules/DummyAIModule.h(66): warning C4100: 'agent': unreferenced formal parameter
c:\users\taichi\desktop\steersuite\steerlib\include\modules/DummyAIModule.h(86): warning C4100: 'engineInfo': unreferenced formal parameter
c:\users\taichi\desktop\steersuite\steerlib\include\modules/DummyAIModule.h(86): warning C4100: 'options': unreferenced formal parameter
c:\users\taichi\desktop\steersuite\steerlib\include\modules/MetricsCollectorModule.h(27): warning C4100: 'options': unreferenced formal parameter
c:\users\taichi\desktop\steersuite\steerlib\include\modules/MetricsCollectorModule.h(55): warning C4100: 'frameNumber': unreferenced formal parameter
c:\users\taichi\desktop\steersuite\steerlib\include\modules/RecFilePlayerModule.h(23): warning C4100: 'engineInfo': unreferenced formal parameter
c:\users\taichi\desktop\steersuite\steerlib\include\modules/RecFilePlayerModule.h(23): warning C4100: 'initialConditions': unreferenced formal parameter
c:\users\taichi\desktop\steersuite\steerlib\include\modules/RecFilePlayerModule.h(24): warning C4100: 'frameNumber': unreferenced formal parameter
c:\users\taichi\desktop\steersuite\steerlib\include\modules/RecFilePlayerModule.h(24): warning C4100: 'dt': unreferenced formal parameter
c:\users\taichi\desktop\steersuite\steerlib\include\modules/RecFilePlayerModule.h(24): warning C4100: 'timeStamp': unreferenced formal parameter
c:\users\taichi\desktop\steersuite\steerlib\include\modules/RecFilePlayerModule.h(36): warning C4100: 'newGoal': unreferenced formal parameter
c:\users\taichi\desktop\steersuite\steerlib\include\modules/RecFilePlayerModule.h(43): warning C4100: 'rangeSq': unreferenced formal parameter
c:\users\taichi\desktop\steersuite\steerlib\include\modules/RecFilePlayerModule.h(43): warning C4100: 'agent': unreferenced formal parameter
c:\users\taichi\desktop\steersuite\steerlib\include\modules/SteerBenchModule.h(63): warning C4100: 'frameNumber': unreferenced formal parameter
c:\users\taichi\desktop\steersuite\steerlib\include\modules/SteerBenchModule.h(63): warning C4100: 'dt': unreferenced formal parameter
c:\users\taichi\desktop\steersuite\steerlib\include\modules/SteerBenchModule.h(63): warning C4100: 'timeStamp': unreferenced formal parameter
c:\users\taichi\desktop\steersuite\steerlib\include\modules/SteerBugModule.h(25): warning C4100: 'engineInfo': unreferenced formal parameter
c:\users\taichi\desktop\steersuite\steerlib\include\modules/SteerBugModule.h(25): warning C4100: 'options': unreferenced formal parameter
..\..\steersimlib\src\GLFWEngineDriver.cpp(193): warning C4456: declaration of 'out' hides previous local declaration
  ..\..\steersimlib\src\GLFWEngineDriver.cpp(170): note: see declaration of 'out'
..\..\steersimlib\src\GLFWEngineDriver.cpp(188): warning C4996: 'strncpy': This function or variable may be unsafe. Consider using strncpy_s instead. To disable deprecation, use _CRT_SECURE_NO_WARNINGS. See online help for details.
  C:\Program Files (x86)\Windows Kits\10\Include\10.0.10240.0\ucrt\string.h(346): note: see declaration of 'strncpy'
..\..\steersimlib\src\GLFWEngineDriver.cpp(194): warning C4996: 'strncpy': This function or variable may be unsafe. Consider using strncpy_s instead. To disable deprecation, use _CRT_SECURE_NO_WARNINGS. See online help for details.
  C:\Program Files (x86)\Windows Kits\10\Include\10.0.10240.0\ucrt\string.h(346): note: see declaration of 'strncpy'
..\..\steersimlib\src\GLFWEngineDriver.cpp(343): warning C4189: 'done': local variable is initialized but not referenced
..\..\steersimlib\src\GLFWEngineDriver.cpp(465): warning C4305: 'initializing': truncation from 'double' to 'float'
..\..\steersimlib\src\GLFWEngineDriver.cpp(469): warning C4244: 'initializing': conversion from 'double' to 'float', possible loss of data
..\..\steersimlib\src\GLFWEngineDriver.cpp(493): warning C4244: 'initializing': conversion from 'double' to 'float', possible loss of data
..\..\steersimlib\src\GLFWEngineDriver.cpp(494): warning C4244: 'initializing': conversion from 'double' to 'float', possible loss of data
..\..\steersimlib\src\GLFWEngineDriver.cpp(513): warning C4244: '=': conversion from 'double' to 'float', possible loss of data
..\..\steersimlib\src\GLFWEngineDriver.cpp(514): warning C4244: '=': conversion from 'double' to 'float', possible loss of data
c:\program files (x86)\microsoft visual studio\2017\community\vc\auxiliary\vs\include\gl\freeglut_std.h(623): warning C4505: 'glutInit_ATEXIT_HACK': unreferenced local function has been removed
c:\program files (x86)\microsoft visual studio\2017\community\vc\auxiliary\vs\include\gl\freeglut_std.h(625): warning C4505: 'glutCreateWindow_ATEXIT_HACK': unreferenced local function has been removed
c:\program files (x86)\microsoft visual studio\2017\community\vc\auxiliary\vs\include\gl\freeglut_std.h(627): warning C4505: 'glutCreateMenu_ATEXIT_HACK': unreferenced local function has been removed
  GlobalEventFilter.cpp
  GLWidget.cpp
  ModuleManagerWidget.cpp
  QtEngineController.cpp
  QtEngineDriver.cpp
  RecFilePlayerWidget.cpp
  SteerSim.cpp
c:\users\taichi\desktop\steersuite\steerlib\include\util/GenericException.h(58): warning C4275: non dll-interface class 'std::exception' used as base for dll-interface class 'Util::GenericException'
  C:\Program Files (x86)\Microsoft Visual Studio\2017\Community\VC\Tools\MSVC\14.10.25017\include\vcruntime_exception.h(43): note: see declaration of 'std::exception'
  c:\users\taichi\desktop\steersuite\steerlib\include\util/GenericException.h(57): note: see declaration of 'Util::GenericException'
c:\users\taichi\desktop\steersuite\steerlib\include\util/XMLParser.h(36): warning C4100: 'subRoot': unreferenced formal parameter
c:\users\taichi\desktop\steersuite\steerlib\include\util/XMLParser.h(36): warning C4100: 'tag': unreferenced formal parameter
c:\users\taichi\desktop\steersuite\steerlib\include\util/XMLParser.h(38): warning C4100: 'subRoot': unreferenced formal parameter
c:\users\taichi\desktop\steersuite\steerlib\include\util/XMLParser.h(38): warning C4100: 'tag': unreferenced formal parameter
c:\users\taichi\desktop\steersuite\steerlib\include\util/XMLParser.h(40): warning C4100: 'indentation': unreferenced formal parameter
c:\users\taichi\desktop\steersuite\steerlib\include\util/XMLParser.h(40): warning C4100: 'out': unreferenced formal parameter
c:\users\taichi\desktop\steersuite\steerlib\include\util/StateMachine.h(41): warning C4100: 'currentState': unreferenced formal parameter
c:\users\taichi\desktop\steersuite\steerlib\include\util/StateMachine.h(41): warning C4100: 'previousState': unreferenced formal parameter
c:\users\taichi\desktop\steersuite\steerlib\include\interfaces/ObstacleInterface.h(27): warning C4100: 'frameNumber': unreferenced formal parameter
c:\users\taichi\desktop\steersuite\steerlib\include\interfaces/ObstacleInterface.h(27): warning C4100: 'dt': unreferenced formal parameter
c:\users\taichi\desktop\steersuite\steerlib\include\interfaces/ObstacleInterface.h(27): warning C4100: 'timeStamp': unreferenced formal parameter
c:\users\taichi\desktop\steersuite\steerlib\include\testcaseio\TestCaseIOPrivate.h(96): warning C4100: 't': unreferenced formal parameter
c:\users\taichi\desktop\steersuite\steerlib\include\testcaseio\TestCaseIOPrivate.h(96): warning C4100: 'r': unreferenced formal parameter
c:\users\taichi\desktop\steersuite\steerlib\include\testcaseio\TestCaseIOPrivate.h(97): warning C4100: 'radius': unreferenced formal parameter
c:\users\taichi\desktop\steersuite\steerlib\include\testcaseio\TestCaseIOPrivate.h(97): warning C4100: 'p': unreferenced formal parameter
c:\users\taichi\desktop\steersuite\steerlib\include\testcaseio\TestCaseIOPrivate.h(98): warning C4100: 'radius': unreferenced formal parameter
c:\users\taichi\desktop\steersuite\steerlib\include\testcaseio\TestCaseIOPrivate.h(98): warning C4100: 'p': unreferenced formal parameter
c:\users\taichi\desktop\steersuite\steerlib\include\interfaces/AgentInterface.h(108): warning C4100: 'item': unreferenced formal parameter
c:\users\taichi\desktop\steersuite\steerlib\include\interfaces/AgentInterface.h(133): warning C4100: 'timeStamp': unreferenced formal parameter
c:\users\taichi\desktop\steersuite\steerlib\include\interfaces/AgentInterface.h(133): warning C4100: 'directiontToRightOfAgent': unreferenced formal parameter
c:\users\taichi\desktop\steersuite\util\include\LogObject.h(89): warning C4267: 'argument': conversion from 'size_t' to 'unsigned int', possible loss of data
c:\users\taichi\desktop\steersuite\steerlib\include\interfaces/ModuleInterface.h(106): warning C4100: 'agent': unreferenced formal parameter
c:\users\taichi\desktop\steersuite\steerlib\include\interfaces/ModuleInterface.h(122): warning C4100: 'frameNumber': unreferenced formal parameter
c:\users\taichi\desktop\steersuite\steerlib\include\interfaces/ModuleInterface.h(122): warning C4100: 'dt': unreferenced formal parameter
c:\users\taichi\desktop\steersuite\steerlib\include\interfaces/ModuleInterface.h(122): warning C4100: 'timeStamp': unreferenced formal parameter
c:\users\taichi\desktop\steersuite\steerlib\include\interfaces/ModuleInterface.h(124): warning C4100: 'frameNumber': unreferenced formal parameter
c:\users\taichi\desktop\steersuite\steerlib\include\interfaces/ModuleInterface.h(124): warning C4100: 'dt': unreferenced formal parameter
c:\users\taichi\desktop\steersuite\steerlib\include\interfaces/ModuleInterface.h(124): warning C4100: 'timeStamp': unreferenced formal parameter
c:\users\taichi\desktop\steersuite\steerlib\include\interfaces/ModuleInterface.h(126): warning C4100: 'action': unreferenced formal parameter
c:\users\taichi\desktop\steersuite\steerlib\include\interfaces/ModuleInterface.h(126): warning C4100: 'key': unreferenced formal parameter
c:\users\taichi\desktop\steersuite\steerlib\include\interfaces/ModuleInterface.h(128): warning C4100: 'deltaY': unreferenced formal parameter
c:\users\taichi\desktop\steersuite\steerlib\include\interfaces/ModuleInterface.h(128): warning C4100: 'deltaX': unreferenced formal parameter
c:\users\taichi\desktop\steersuite\steerlib\include\interfaces/ModuleInterface.h(129): warning C4100: 'action': unreferenced formal parameter
c:\users\taichi\desktop\steersuite\steerlib\include\interfaces/ModuleInterface.h(129): warning C4100: 'button': unreferenced formal parameter
c:\users\taichi\desktop\steersuite\steerlib\include\griddatabase/GridDatabase2D.h(208): warning C4100: 'exclude1': unreferenced formal parameter
c:\users\taichi\desktop\steersuite\steerlib\include\griddatabase/GridDatabase2D.h(210): warning C4100: 'exclude1': unreferenced formal parameter
c:\users\taichi\desktop\steersuite\steerlib\include\griddatabase/GridDatabasePlanningDomain.h(71): warning C4100: 'idealGoalState': unreferenced formal parameter
c:\users\taichi\desktop\steersuite\steerlib\include\interfaces/BenchmarkTechniqueInterface.h(59): warning C4100: 'out': unreferenced formal parameter
c:\users\taichi\desktop\steersuite\steerlib\include\interfaces/BenchmarkTechniqueInterface.h(59): warning C4100: 'simulationMetrics': unreferenced formal parameter
c:\users\taichi\desktop\steersuite\steerlib\include\interfaces/BenchmarkTechniqueInterface.h(61): warning C4100: 'out': unreferenced formal parameter
c:\users\taichi\desktop\steersuite\steerlib\include\interfaces/BenchmarkTechniqueInterface.h(61): warning C4100: 'simulationMetrics': unreferenced formal parameter
c:\users\taichi\desktop\steersuite\steerlib\include\interfaces/BenchmarkTechniqueInterface.h(61): warning C4100: 'agentIndex': unreferenced formal parameter
c:\users\taichi\desktop\steersuite\steerlib\include\benchmarking/BenchmarkEnginePrivate.h(41): warning C4100: 'engineInfo': unreferenced formal parameter
c:\users\taichi\desktop\steersuite\steerlib\include\benchmarking/BenchmarkEnginePrivate.h(41): warning C4100: 'initialConditions': unreferenced formal parameter
c:\users\taichi\desktop\steersuite\steerlib\include\benchmarking/BenchmarkEnginePrivate.h(44): warning C4100: 'frameNumber': unreferenced formal parameter
c:\users\taichi\desktop\steersuite\steerlib\include\benchmarking/BenchmarkEnginePrivate.h(44): warning C4100: 'dt': unreferenced formal parameter
c:\users\taichi\desktop\steersuite\steerlib\include\benchmarking/BenchmarkEnginePrivate.h(44): warning C4100: 'timeStamp': unreferenced formal parameter
c:\users\taichi\desktop\steersuite\steerlib\include\benchmarking/BenchmarkEnginePrivate.h(63): warning C4100: 'newGoal': unreferenced formal parameter
c:\users\taichi\desktop\steersuite\steerlib\include\benchmarking/BenchmarkEnginePrivate.h(77): warning C4100: 'rangeSq': unreferenced formal parameter
c:\users\taichi\desktop\steersuite\steerlib\include\benchmarking/BenchmarkEnginePrivate.h(77): warning C4100: 'agent': unreferenced formal parameter
c:\users\taichi\desktop\steersuite\steerlib\include\benchmarking/CompositeTechnique01.h(26): warning C4100: 'engineInfo': unreferenced formal parameter
c:\users\taichi\desktop\steersuite\steerlib\include\benchmarking/CompositeTechnique01.h(26): warning C4100: 'options': unreferenced formal parameter
c:\users\taichi\desktop\steersuite\steerlib\include\benchmarking/CompositeTechnique01.h(27): warning C4100: 'dt': unreferenced formal parameter
c:\users\taichi\desktop\steersuite\steerlib\include\benchmarking/CompositeTechnique01.h(27): warning C4100: 'timeStamp': unreferenced formal parameter
c:\users\taichi\desktop\steersuite\steerlib\include\benchmarking/CompositeTechnique01.h(27): warning C4100: 'simulationMetrics': unreferenced formal parameter
c:\users\taichi\desktop\steersuite\steerlib\include\benchmarking/CompositeTechnique01.h(28): warning C4100: 'frameNumber': unreferenced formal parameter
c:\users\taichi\desktop\steersuite\steerlib\include\benchmarking/CompositeTechnique01.h(28): warning C4100: 'timePassedSinceLastFrame': unreferenced formal parameter
c:\users\taichi\desktop\steersuite\steerlib\include\benchmarking/CompositeTechnique01.h(28): warning C4100: 'currentTimeStamp': unreferenced formal parameter
c:\users\taichi\desktop\steersuite\steerlib\include\benchmarking/CompositeTechnique01.h(28): warning C4100: 'engineInterface': unreferenced formal parameter
c:\users\taichi\desktop\steersuite\steerlib\include\benchmarking/CompositeTechnique01.h(46): warning C4100: 'scores': unreferenced formal parameter
c:\users\taichi\desktop\steersuite\steerlib\include\benchmarking/CompositeTechnique01.h(46): warning C4100: 'simulationMetrics': unreferenced formal parameter
c:\users\taichi\desktop\steersuite\steerlib\include\benchmarking/CompositeTechnique01.h(46): warning C4100: 'agentIndex': unreferenced formal parameter
c:\users\taichi\desktop\steersuite\steerlib\include\benchmarking/CompositeTechnique02.h(23): warning C4100: 'engineInfo': unreferenced formal parameter
c:\users\taichi\desktop\steersuite\steerlib\include\benchmarking/CompositeTechnique02.h(23): warning C4100: 'options': unreferenced formal parameter
c:\users\taichi\desktop\steersuite\steerlib\include\benchmarking/CompositeTechnique02.h(27): warning C4100: 'dt': unreferenced formal parameter
c:\users\taichi\desktop\steersuite\steerlib\include\benchmarking/CompositeTechnique02.h(27): warning C4100: 'timeStamp': unreferenced formal parameter
c:\users\taichi\desktop\steersuite\steerlib\include\benchmarking/CompositeTechnique02.h(27): warning C4100: 'simulationMetrics': unreferenced formal parameter
c:\users\taichi\desktop\steersuite\steerlib\include\benchmarking/CompositeTechnique02.h(31): warning C4100: 'frameNumber': unreferenced formal parameter
c:\users\taichi\desktop\steersuite\steerlib\include\benchmarking/CompositeTechnique02.h(31): warning C4100: 'timePassedSinceLastFrame': unreferenced formal parameter
c:\users\taichi\desktop\steersuite\steerlib\include\benchmarking/CompositeTechnique02.h(31): warning C4100: 'currentTimeStamp': unreferenced formal parameter
c:\users\taichi\desktop\steersuite\steerlib\include\benchmarking/CompositeTechnique02.h(31): warning C4100: 'engineInterface': unreferenced formal parameter
c:\users\taichi\desktop\steersuite\steerlib\include\benchmarking/EnergyEfficiencyTechnique.h(24): warning C4100: 'engineInfo': unreferenced formal parameter
c:\users\taichi\desktop\steersuite\steerlib\include\benchmarking/EnergyEfficiencyTechnique.h(24): warning C4100: 'options': unreferenced formal parameter
c:\users\taichi\desktop\steersuite\steerlib\include\benchmarking/EnergyEfficiencyTechnique.h(26): warning C4100: 'dt': unreferenced formal parameter
c:\users\taichi\desktop\steersuite\steerlib\include\benchmarking/EnergyEfficiencyTechnique.h(26): warning C4100: 'timeStamp': unreferenced formal parameter
c:\users\taichi\desktop\steersuite\steerlib\include\benchmarking/EnergyEfficiencyTechnique.h(26): warning C4100: 'simulationMetrics': unreferenced formal parameter
c:\users\taichi\desktop\steersuite\steerlib\include\benchmarking/EnergyEfficiencyTechnique.h(29): warning C4100: 'frameNumber': unreferenced formal parameter
c:\users\taichi\desktop\steersuite\steerlib\include\benchmarking/EnergyEfficiencyTechnique.h(29): warning C4100: 'timePassedSinceLastFrame': unreferenced formal parameter
c:\users\taichi\desktop\steersuite\steerlib\include\benchmarking/EnergyEfficiencyTechnique.h(29): warning C4100: 'currentTimeStamp': unreferenced formal parameter
c:\users\taichi\desktop\steersuite\steerlib\include\benchmarking/EnergyEfficiencyTechnique.h(29): warning C4100: 'engineInterface': unreferenced formal parameter
c:\users\taichi\desktop\steersuite\steerlib\include\benchmarking/EnergyEfficiencyTechnique.h(37): warning C4100: 'scores': unreferenced formal parameter
c:\users\taichi\desktop\steersuite\steerlib\include\benchmarking/EnergyEfficiencyTechnique.h(41): warning C4100: 'scores': unreferenced formal parameter
c:\users\taichi\desktop\steersuite\steerlib\include\benchmarking/EnergyEfficiencyTechnique.h(41): warning C4100: 'simulationMetrics': unreferenced formal parameter
c:\users\taichi\desktop\steersuite\steerlib\include\benchmarking/EnergyEfficiencyTechnique.h(41): warning C4100: 'agentIndex': unreferenced formal parameter
c:\users\taichi\desktop\steersuite\steerlib\include\benchmarking/AccelerationEfficiencyTechnique.h(25): warning C4100: 'engineInfo': unreferenced formal parameter
c:\users\taichi\desktop\steersuite\steerlib\include\benchmarking/AccelerationEfficiencyTechnique.h(25): warning C4100: 'options': unreferenced formal parameter
c:\users\taichi\desktop\steersuite\steerlib\include\benchmarking/AccelerationEfficiencyTechnique.h(27): warning C4100: 'dt': unreferenced formal parameter
c:\users\taichi\desktop\steersuite\steerlib\include\benchmarking/AccelerationEfficiencyTechnique.h(27): warning C4100: 'timeStamp': unreferenced formal parameter
c:\users\taichi\desktop\steersuite\steerlib\include\benchmarking/AccelerationEfficiencyTechnique.h(27): warning C4100: 'simulationMetrics': unreferenced formal parameter
c:\users\taichi\desktop\steersuite\steerlib\include\benchmarking/AccelerationEfficiencyTechnique.h(30): warning C4100: 'frameNumber': unreferenced formal parameter
c:\users\taichi\desktop\steersuite\steerlib\include\benchmarking/AccelerationEfficiencyTechnique.h(30): warning C4100: 'timePassedSinceLastFrame': unreferenced formal parameter
c:\users\taichi\desktop\steersuite\steerlib\include\benchmarking/AccelerationEfficiencyTechnique.h(30): warning C4100: 'currentTimeStamp': unreferenced formal parameter
c:\users\taichi\desktop\steersuite\steerlib\include\benchmarking/AccelerationEfficiencyTechnique.h(30): warning C4100: 'engineInterface': unreferenced formal parameter
c:\users\taichi\desktop\steersuite\steerlib\include\benchmarking/AccelerationEfficiencyTechnique.h(60): warning C4100: 'scores': unreferenced formal parameter
c:\users\taichi\desktop\steersuite\steerlib\include\benchmarking/AccelerationEfficiencyTechnique.h(64): warning C4100: 'scores': unreferenced formal parameter
c:\users\taichi\desktop\steersuite\steerlib\include\benchmarking/AccelerationEfficiencyTechnique.h(64): warning C4100: 'simulationMetrics': unreferenced formal parameter
c:\users\taichi\desktop\steersuite\steerlib\include\benchmarking/AccelerationEfficiencyTechnique.h(64): warning C4100: 'agentIndex': unreferenced formal parameter
c:\users\taichi\desktop\steersuite\steerlib\include\benchmarking/CompositeTechniquePLE.h(23): warning C4100: 'engineInfo': unreferenced formal parameter
c:\users\taichi\desktop\steersuite\steerlib\include\benchmarking/CompositeTechniquePLE.h(23): warning C4100: 'options': unreferenced formal parameter
c:\users\taichi\desktop\steersuite\steerlib\include\benchmarking/CompositeTechniquePLE.h(27): warning C4100: 'dt': unreferenced formal parameter
c:\users\taichi\desktop\steersuite\steerlib\include\benchmarking/CompositeTechniquePLE.h(27): warning C4100: 'timeStamp': unreferenced formal parameter
c:\users\taichi\desktop\steersuite\steerlib\include\benchmarking/CompositeTechniquePLE.h(27): warning C4100: 'simulationMetrics': unreferenced formal parameter
c:\users\taichi\desktop\steersuite\steerlib\include\benchmarking/CompositeTechniquePLE.h(28): warning C4100: 'frameNumber': unreferenced formal parameter
c:\users\taichi\desktop\steersuite\steerlib\include\benchmarking/CompositeTechniquePLE.h(28): warning C4100: 'timePassedSinceLastFrame': unreferenced formal parameter
c:\users\taichi\desktop\steersuite\steerlib\include\benchmarking/CompositeTechniquePLE.h(28): warning C4100: 'currentTimeStamp': unreferenced formal parameter
c:\users\taichi\desktop\steersuite\steerlib\include\benchmarking/CompositeTechniquePLE.h(28): warning C4100: 'engineInterface': unreferenced formal parameter
c:\users\taichi\desktop\steersuite\steerlib\include\modules/DummyAIModule.h(20): warning C4100: 'engineInfo': unreferenced formal parameter
c:\users\taichi\desktop\steersuite\steerlib\include\modules/DummyAIModule.h(36): warning C4100: 'frameNumber': unreferenced formal parameter
c:\users\taichi\desktop\steersuite\steerlib\include\modules/DummyAIModule.h(36): warning C4100: 'dt': unreferenced formal parameter
c:\users\taichi\desktop\steersuite\steerlib\include\modules/DummyAIModule.h(36): warning C4100: 'timeStamp': unreferenced formal parameter
c:\users\taichi\desktop\steersuite\steerlib\include\modules/DummyAIModule.h(59): warning C4100: 'newGoal': unreferenced formal parameter
c:\users\taichi\desktop\steersuite\steerlib\include\modules/DummyAIModule.h(66): warning C4100: 'rangeSq': unreferenced formal parameter
c:\users\taichi\desktop\steersuite\steerlib\include\modules/DummyAIModule.h(66): warning C4100: 'agent': unreferenced formal parameter
c:\users\taichi\desktop\steersuite\steerlib\include\modules/DummyAIModule.h(86): warning C4100: 'engineInfo': unreferenced formal parameter
c:\users\taichi\desktop\steersuite\steerlib\include\modules/DummyAIModule.h(86): warning C4100: 'options': unreferenced formal parameter
c:\users\taichi\desktop\steersuite\steerlib\include\modules/MetricsCollectorModule.h(27): warning C4100: 'options': unreferenced formal parameter
c:\users\taichi\desktop\steersuite\steerlib\include\modules/MetricsCollectorModule.h(55): warning C4100: 'frameNumber': unreferenced formal parameter
c:\users\taichi\desktop\steersuite\steerlib\include\modules/RecFilePlayerModule.h(23): warning C4100: 'engineInfo': unreferenced formal parameter
c:\users\taichi\desktop\steersuite\steerlib\include\modules/RecFilePlayerModule.h(23): warning C4100: 'initialConditions': unreferenced formal parameter
c:\users\taichi\desktop\steersuite\steerlib\include\modules/RecFilePlayerModule.h(24): warning C4100: 'frameNumber': unreferenced formal parameter
c:\users\taichi\desktop\steersuite\steerlib\include\modules/RecFilePlayerModule.h(24): warning C4100: 'dt': unreferenced formal parameter
c:\users\taichi\desktop\steersuite\steerlib\include\modules/RecFilePlayerModule.h(24): warning C4100: 'timeStamp': unreferenced formal parameter
c:\users\taichi\desktop\steersuite\steerlib\include\modules/RecFilePlayerModule.h(36): warning C4100: 'newGoal': unreferenced formal parameter
c:\users\taichi\desktop\steersuite\steerlib\include\modules/RecFilePlayerModule.h(43): warning C4100: 'rangeSq': unreferenced formal parameter
c:\users\taichi\desktop\steersuite\steerlib\include\modules/RecFilePlayerModule.h(43): warning C4100: 'agent': unreferenced formal parameter
c:\users\taichi\desktop\steersuite\steerlib\include\modules/SteerBenchModule.h(63): warning C4100: 'frameNumber': unreferenced formal parameter
c:\users\taichi\desktop\steersuite\steerlib\include\modules/SteerBenchModule.h(63): warning C4100: 'dt': unreferenced formal parameter
c:\users\taichi\desktop\steersuite\steerlib\include\modules/SteerBenchModule.h(63): warning C4100: 'timeStamp': unreferenced formal parameter
c:\users\taichi\desktop\steersuite\steerlib\include\modules/SteerBugModule.h(25): warning C4100: 'engineInfo': unreferenced formal parameter
c:\users\taichi\desktop\steersuite\steerlib\include\modules/SteerBugModule.h(25): warning C4100: 'options': unreferenced formal parameter
..\..\steersimlib\src\SteerSim.cpp(136): warning C4189: 'cerrOriginalStreambuf': local variable is initialized but not referenced
c:\program files (x86)\microsoft visual studio\2017\community\vc\auxiliary\vs\include\gl\freeglut_std.h(623): warning C4505: 'glutInit_ATEXIT_HACK': unreferenced local function has been removed
c:\program files (x86)\microsoft visual studio\2017\community\vc\auxiliary\vs\include\gl\freeglut_std.h(625): warning C4505: 'glutCreateWindow_ATEXIT_HACK': unreferenced local function has been removed
c:\program files (x86)\microsoft visual studio\2017\community\vc\auxiliary\vs\include\gl\freeglut_std.h(627): warning C4505: 'glutCreateMenu_ATEXIT_HACK': unreferenced local function has been removed
  TestCasePlayerWidget.cpp
  Generating Code...
     Creating library ..\bin\steersimlib.lib and object ..\bin\steersimlib.exp
  steersimlib.vcxproj -> C:\Users\Taichi\Desktop\steersuite\build\vs2012\..\bin\steersimlib.dll
  steersimlib.vcxproj -> ..\bin\steersimlib.pdb (Full PDB)
