cl : Command line warning D9002: ignoring unknown option '-std=c++0x'
cl : Command line warning D9002: ignoring unknown option '-ggdb'
  ScenarioModule.cpp
c:\users\taichi\desktop\steersuite\steerlib\include\util/GenericException.h(58): warning C4275: non dll-interface class 'std::exception' used as base for dll-interface class 'Util::GenericException'
  C:\Program Files (x86)\Microsoft Visual Studio\2017\Community\VC\Tools\MSVC\14.10.25017\include\vcruntime_exception.h(43): note: see declaration of 'std::exception'
  c:\users\taichi\desktop\steersuite\steerlib\include\util/GenericException.h(57): note: see declaration of 'Util::GenericException'
c:\users\taichi\desktop\steersuite\steerlib\include\util/XMLParser.h(36): warning C4100: 'subRoot': unreferenced formal parameter
c:\users\taichi\desktop\steersuite\steerlib\include\util/XMLParser.h(36): warning C4100: 'tag': unreferenced formal parameter
c:\users\taichi\desktop\steersuite\steerlib\include\util/XMLParser.h(38): warning C4100: 'subRoot': unreferenced formal parameter
c:\users\taichi\desktop\steersuite\steerlib\include\util/XMLParser.h(38): warning C4100: 'tag': unreferenced formal parameter
c:\users\taichi\desktop\steersuite\steerlib\include\util/XMLParser.h(40): warning C4100: 'indentation': unreferenced formal parameter
c:\users\taichi\desktop\steersuite\steerlib\include\util/XMLParser.h(40): warning C4100: 'out': unreferenced formal parameter
c:\users\taichi\desktop\steersuite\steerlib\include\util/StateMachine.h(41): warning C4100: 'currentState': unreferenced formal parameter
c:\users\taichi\desktop\steersuite\steerlib\include\util/StateMachine.h(41): warning C4100: 'previousState': unreferenced formal parameter
c:\users\taichi\desktop\steersuite\steerlib\include\interfaces/ObstacleInterface.h(27): warning C4100: 'frameNumber': unreferenced formal parameter
c:\users\taichi\desktop\steersuite\steerlib\include\interfaces/ObstacleInterface.h(27): warning C4100: 'dt': unreferenced formal parameter
c:\users\taichi\desktop\steersuite\steerlib\include\interfaces/ObstacleInterface.h(27): warning C4100: 'timeStamp': unreferenced formal parameter
c:\users\taichi\desktop\steersuite\steerlib\include\testcaseio\TestCaseIOPrivate.h(96): warning C4100: 't': unreferenced formal parameter
c:\users\taichi\desktop\steersuite\steerlib\include\testcaseio\TestCaseIOPrivate.h(96): warning C4100: 'r': unreferenced formal parameter
c:\users\taichi\desktop\steersuite\steerlib\include\testcaseio\TestCaseIOPrivate.h(97): warning C4100: 'radius': unreferenced formal parameter
c:\users\taichi\desktop\steersuite\steerlib\include\testcaseio\TestCaseIOPrivate.h(97): warning C4100: 'p': unreferenced formal parameter
c:\users\taichi\desktop\steersuite\steerlib\include\testcaseio\TestCaseIOPrivate.h(98): warning C4100: 'radius': unreferenced formal parameter
c:\users\taichi\desktop\steersuite\steerlib\include\testcaseio\TestCaseIOPrivate.h(98): warning C4100: 'p': unreferenced formal parameter
c:\users\taichi\desktop\steersuite\steerlib\include\interfaces/AgentInterface.h(108): warning C4100: 'item': unreferenced formal parameter
c:\users\taichi\desktop\steersuite\steerlib\include\interfaces/AgentInterface.h(133): warning C4100: 'timeStamp': unreferenced formal parameter
c:\users\taichi\desktop\steersuite\steerlib\include\interfaces/AgentInterface.h(133): warning C4100: 'directiontToRightOfAgent': unreferenced formal parameter
c:\users\taichi\desktop\steersuite\util\include\LogObject.h(89): warning C4267: 'argument': conversion from 'size_t' to 'unsigned int', possible loss of data
c:\users\taichi\desktop\steersuite\steerlib\include\interfaces/ModuleInterface.h(106): warning C4100: 'agent': unreferenced formal parameter
c:\users\taichi\desktop\steersuite\steerlib\include\interfaces/ModuleInterface.h(122): warning C4100: 'frameNumber': unreferenced formal parameter
c:\users\taichi\desktop\steersuite\steerlib\include\interfaces/ModuleInterface.h(122): warning C4100: 'dt': unreferenced formal parameter
c:\users\taichi\desktop\steersuite\steerlib\include\interfaces/ModuleInterface.h(122): warning C4100: 'timeStamp': unreferenced formal parameter
c:\users\taichi\desktop\steersuite\steerlib\include\interfaces/ModuleInterface.h(124): warning C4100: 'frameNumber': unreferenced formal parameter
c:\users\taichi\desktop\steersuite\steerlib\include\interfaces/ModuleInterface.h(124): warning C4100: 'dt': unreferenced formal parameter
c:\users\taichi\desktop\steersuite\steerlib\include\interfaces/ModuleInterface.h(124): warning C4100: 'timeStamp': unreferenced formal parameter
c:\users\taichi\desktop\steersuite\steerlib\include\interfaces/ModuleInterface.h(126): warning C4100: 'action': unreferenced formal parameter
c:\users\taichi\desktop\steersuite\steerlib\include\interfaces/ModuleInterface.h(126): warning C4100: 'key': unreferenced formal parameter
c:\users\taichi\desktop\steersuite\steerlib\include\interfaces/ModuleInterface.h(128): warning C4100: 'deltaY': unreferenced formal parameter
c:\users\taichi\desktop\steersuite\steerlib\include\interfaces/ModuleInterface.h(128): warning C4100: 'deltaX': unreferenced formal parameter
c:\users\taichi\desktop\steersuite\steerlib\include\interfaces/ModuleInterface.h(129): warning C4100: 'action': unreferenced formal parameter
c:\users\taichi\desktop\steersuite\steerlib\include\interfaces/ModuleInterface.h(129): warning C4100: 'button': unreferenced formal parameter
c:\users\taichi\desktop\steersuite\steerlib\include\griddatabase/GridDatabase2D.h(208): warning C4100: 'exclude1': unreferenced formal parameter
c:\users\taichi\desktop\steersuite\steerlib\include\griddatabase/GridDatabase2D.h(210): warning C4100: 'exclude1': unreferenced formal parameter
c:\users\taichi\desktop\steersuite\steerlib\include\griddatabase/GridDatabasePlanningDomain.h(71): warning C4100: 'idealGoalState': unreferenced formal parameter
c:\users\taichi\desktop\steersuite\steerlib\include\interfaces/BenchmarkTechniqueInterface.h(59): warning C4100: 'out': unreferenced formal parameter
c:\users\taichi\desktop\steersuite\steerlib\include\interfaces/BenchmarkTechniqueInterface.h(59): warning C4100: 'simulationMetrics': unreferenced formal parameter
c:\users\taichi\desktop\steersuite\steerlib\include\interfaces/BenchmarkTechniqueInterface.h(61): warning C4100: 'out': unreferenced formal parameter
c:\users\taichi\desktop\steersuite\steerlib\include\interfaces/BenchmarkTechniqueInterface.h(61): warning C4100: 'simulationMetrics': unreferenced formal parameter
c:\users\taichi\desktop\steersuite\steerlib\include\interfaces/BenchmarkTechniqueInterface.h(61): warning C4100: 'agentIndex': unreferenced formal parameter
c:\users\taichi\desktop\steersuite\steerlib\include\benchmarking/BenchmarkEnginePrivate.h(41): warning C4100: 'engineInfo': unreferenced formal parameter
c:\users\taichi\desktop\steersuite\steerlib\include\benchmarking/BenchmarkEnginePrivate.h(41): warning C4100: 'initialConditions': unreferenced formal parameter
c:\users\taichi\desktop\steersuite\steerlib\include\benchmarking/BenchmarkEnginePrivate.h(44): warning C4100: 'frameNumber': unreferenced formal parameter
c:\users\taichi\desktop\steersuite\steerlib\include\benchmarking/BenchmarkEnginePrivate.h(44): warning C4100: 'dt': unreferenced formal parameter
c:\users\taichi\desktop\steersuite\steerlib\include\benchmarking/BenchmarkEnginePrivate.h(44): warning C4100: 'timeStamp': unreferenced formal parameter
c:\users\taichi\desktop\steersuite\steerlib\include\benchmarking/BenchmarkEnginePrivate.h(63): warning C4100: 'newGoal': unreferenced formal parameter
c:\users\taichi\desktop\steersuite\steerlib\include\benchmarking/BenchmarkEnginePrivate.h(77): warning C4100: 'rangeSq': unreferenced formal parameter
c:\users\taichi\desktop\steersuite\steerlib\include\benchmarking/BenchmarkEnginePrivate.h(77): warning C4100: 'agent': unreferenced formal parameter
c:\users\taichi\desktop\steersuite\steerlib\include\benchmarking/CompositeTechnique01.h(26): warning C4100: 'engineInfo': unreferenced formal parameter
c:\users\taichi\desktop\steersuite\steerlib\include\benchmarking/CompositeTechnique01.h(26): warning C4100: 'options': unreferenced formal parameter
c:\users\taichi\desktop\steersuite\steerlib\include\benchmarking/CompositeTechnique01.h(27): warning C4100: 'dt': unreferenced formal parameter
c:\users\taichi\desktop\steersuite\steerlib\include\benchmarking/CompositeTechnique01.h(27): warning C4100: 'timeStamp': unreferenced formal parameter
c:\users\taichi\desktop\steersuite\steerlib\include\benchmarking/CompositeTechnique01.h(27): warning C4100: 'simulationMetrics': unreferenced formal parameter
c:\users\taichi\desktop\steersuite\steerlib\include\benchmarking/CompositeTechnique01.h(28): warning C4100: 'frameNumber': unreferenced formal parameter
c:\users\taichi\desktop\steersuite\steerlib\include\benchmarking/CompositeTechnique01.h(28): warning C4100: 'timePassedSinceLastFrame': unreferenced formal parameter
c:\users\taichi\desktop\steersuite\steerlib\include\benchmarking/CompositeTechnique01.h(28): warning C4100: 'currentTimeStamp': unreferenced formal parameter
c:\users\taichi\desktop\steersuite\steerlib\include\benchmarking/CompositeTechnique01.h(28): warning C4100: 'engineInterface': unreferenced formal parameter
c:\users\taichi\desktop\steersuite\steerlib\include\benchmarking/CompositeTechnique01.h(46): warning C4100: 'scores': unreferenced formal parameter
c:\users\taichi\desktop\steersuite\steerlib\include\benchmarking/CompositeTechnique01.h(46): warning C4100: 'simulationMetrics': unreferenced formal parameter
c:\users\taichi\desktop\steersuite\steerlib\include\benchmarking/CompositeTechnique01.h(46): warning C4100: 'agentIndex': unreferenced formal parameter
c:\users\taichi\desktop\steersuite\steerlib\include\benchmarking/CompositeTechnique02.h(23): warning C4100: 'engineInfo': unreferenced formal parameter
c:\users\taichi\desktop\steersuite\steerlib\include\benchmarking/CompositeTechnique02.h(23): warning C4100: 'options': unreferenced formal parameter
c:\users\taichi\desktop\steersuite\steerlib\include\benchmarking/CompositeTechnique02.h(27): warning C4100: 'dt': unreferenced formal parameter
c:\users\taichi\desktop\steersuite\steerlib\include\benchmarking/CompositeTechnique02.h(27): warning C4100: 'timeStamp': unreferenced formal parameter
c:\users\taichi\desktop\steersuite\steerlib\include\benchmarking/CompositeTechnique02.h(27): warning C4100: 'simulationMetrics': unreferenced formal parameter
c:\users\taichi\desktop\steersuite\steerlib\include\benchmarking/CompositeTechnique02.h(31): warning C4100: 'frameNumber': unreferenced formal parameter
c:\users\taichi\desktop\steersuite\steerlib\include\benchmarking/CompositeTechnique02.h(31): warning C4100: 'timePassedSinceLastFrame': unreferenced formal parameter
c:\users\taichi\desktop\steersuite\steerlib\include\benchmarking/CompositeTechnique02.h(31): warning C4100: 'currentTimeStamp': unreferenced formal parameter
c:\users\taichi\desktop\steersuite\steerlib\include\benchmarking/CompositeTechnique02.h(31): warning C4100: 'engineInterface': unreferenced formal parameter
c:\users\taichi\desktop\steersuite\steerlib\include\benchmarking/EnergyEfficiencyTechnique.h(24): warning C4100: 'engineInfo': unreferenced formal parameter
c:\users\taichi\desktop\steersuite\steerlib\include\benchmarking/EnergyEfficiencyTechnique.h(24): warning C4100: 'options': unreferenced formal parameter
c:\users\taichi\desktop\steersuite\steerlib\include\benchmarking/EnergyEfficiencyTechnique.h(26): warning C4100: 'dt': unreferenced formal parameter
c:\users\taichi\desktop\steersuite\steerlib\include\benchmarking/EnergyEfficiencyTechnique.h(26): warning C4100: 'timeStamp': unreferenced formal parameter
c:\users\taichi\desktop\steersuite\steerlib\include\benchmarking/EnergyEfficiencyTechnique.h(26): warning C4100: 'simulationMetrics': unreferenced formal parameter
c:\users\taichi\desktop\steersuite\steerlib\include\benchmarking/EnergyEfficiencyTechnique.h(29): warning C4100: 'frameNumber': unreferenced formal parameter
c:\users\taichi\desktop\steersuite\steerlib\include\benchmarking/EnergyEfficiencyTechnique.h(29): warning C4100: 'timePassedSinceLastFrame': unreferenced formal parameter
c:\users\taichi\desktop\steersuite\steerlib\include\benchmarking/EnergyEfficiencyTechnique.h(29): warning C4100: 'currentTimeStamp': unreferenced formal parameter
c:\users\taichi\desktop\steersuite\steerlib\include\benchmarking/EnergyEfficiencyTechnique.h(29): warning C4100: 'engineInterface': unreferenced formal parameter
c:\users\taichi\desktop\steersuite\steerlib\include\benchmarking/EnergyEfficiencyTechnique.h(37): warning C4100: 'scores': unreferenced formal parameter
c:\users\taichi\desktop\steersuite\steerlib\include\benchmarking/EnergyEfficiencyTechnique.h(41): warning C4100: 'scores': unreferenced formal parameter
c:\users\taichi\desktop\steersuite\steerlib\include\benchmarking/EnergyEfficiencyTechnique.h(41): warning C4100: 'simulationMetrics': unreferenced formal parameter
c:\users\taichi\desktop\steersuite\steerlib\include\benchmarking/EnergyEfficiencyTechnique.h(41): warning C4100: 'agentIndex': unreferenced formal parameter
c:\users\taichi\desktop\steersuite\steerlib\include\benchmarking/AccelerationEfficiencyTechnique.h(25): warning C4100: 'engineInfo': unreferenced formal parameter
c:\users\taichi\desktop\steersuite\steerlib\include\benchmarking/AccelerationEfficiencyTechnique.h(25): warning C4100: 'options': unreferenced formal parameter
c:\users\taichi\desktop\steersuite\steerlib\include\benchmarking/AccelerationEfficiencyTechnique.h(27): warning C4100: 'dt': unreferenced formal parameter
c:\users\taichi\desktop\steersuite\steerlib\include\benchmarking/AccelerationEfficiencyTechnique.h(27): warning C4100: 'timeStamp': unreferenced formal parameter
c:\users\taichi\desktop\steersuite\steerlib\include\benchmarking/AccelerationEfficiencyTechnique.h(27): warning C4100: 'simulationMetrics': unreferenced formal parameter
c:\users\taichi\desktop\steersuite\steerlib\include\benchmarking/AccelerationEfficiencyTechnique.h(30): warning C4100: 'frameNumber': unreferenced formal parameter
c:\users\taichi\desktop\steersuite\steerlib\include\benchmarking/AccelerationEfficiencyTechnique.h(30): warning C4100: 'timePassedSinceLastFrame': unreferenced formal parameter
c:\users\taichi\desktop\steersuite\steerlib\include\benchmarking/AccelerationEfficiencyTechnique.h(30): warning C4100: 'currentTimeStamp': unreferenced formal parameter
c:\users\taichi\desktop\steersuite\steerlib\include\benchmarking/AccelerationEfficiencyTechnique.h(30): warning C4100: 'engineInterface': unreferenced formal parameter
c:\users\taichi\desktop\steersuite\steerlib\include\benchmarking/AccelerationEfficiencyTechnique.h(60): warning C4100: 'scores': unreferenced formal parameter
c:\users\taichi\desktop\steersuite\steerlib\include\benchmarking/AccelerationEfficiencyTechnique.h(64): warning C4100: 'scores': unreferenced formal parameter
c:\users\taichi\desktop\steersuite\steerlib\include\benchmarking/AccelerationEfficiencyTechnique.h(64): warning C4100: 'simulationMetrics': unreferenced formal parameter
c:\users\taichi\desktop\steersuite\steerlib\include\benchmarking/AccelerationEfficiencyTechnique.h(64): warning C4100: 'agentIndex': unreferenced formal parameter
c:\users\taichi\desktop\steersuite\steerlib\include\benchmarking/CompositeTechniquePLE.h(23): warning C4100: 'engineInfo': unreferenced formal parameter
c:\users\taichi\desktop\steersuite\steerlib\include\benchmarking/CompositeTechniquePLE.h(23): warning C4100: 'options': unreferenced formal parameter
c:\users\taichi\desktop\steersuite\steerlib\include\benchmarking/CompositeTechniquePLE.h(27): warning C4100: 'dt': unreferenced formal parameter
c:\users\taichi\desktop\steersuite\steerlib\include\benchmarking/CompositeTechniquePLE.h(27): warning C4100: 'timeStamp': unreferenced formal parameter
c:\users\taichi\desktop\steersuite\steerlib\include\benchmarking/CompositeTechniquePLE.h(27): warning C4100: 'simulationMetrics': unreferenced formal parameter
c:\users\taichi\desktop\steersuite\steerlib\include\benchmarking/CompositeTechniquePLE.h(28): warning C4100: 'frameNumber': unreferenced formal parameter
c:\users\taichi\desktop\steersuite\steerlib\include\benchmarking/CompositeTechniquePLE.h(28): warning C4100: 'timePassedSinceLastFrame': unreferenced formal parameter
c:\users\taichi\desktop\steersuite\steerlib\include\benchmarking/CompositeTechniquePLE.h(28): warning C4100: 'currentTimeStamp': unreferenced formal parameter
c:\users\taichi\desktop\steersuite\steerlib\include\benchmarking/CompositeTechniquePLE.h(28): warning C4100: 'engineInterface': unreferenced formal parameter
c:\users\taichi\desktop\steersuite\steerlib\include\modules/DummyAIModule.h(20): warning C4100: 'engineInfo': unreferenced formal parameter
c:\users\taichi\desktop\steersuite\steerlib\include\modules/DummyAIModule.h(36): warning C4100: 'frameNumber': unreferenced formal parameter
c:\users\taichi\desktop\steersuite\steerlib\include\modules/DummyAIModule.h(36): warning C4100: 'dt': unreferenced formal parameter
c:\users\taichi\desktop\steersuite\steerlib\include\modules/DummyAIModule.h(36): warning C4100: 'timeStamp': unreferenced formal parameter
c:\users\taichi\desktop\steersuite\steerlib\include\modules/DummyAIModule.h(59): warning C4100: 'newGoal': unreferenced formal parameter
c:\users\taichi\desktop\steersuite\steerlib\include\modules/DummyAIModule.h(66): warning C4100: 'rangeSq': unreferenced formal parameter
c:\users\taichi\desktop\steersuite\steerlib\include\modules/DummyAIModule.h(66): warning C4100: 'agent': unreferenced formal parameter
c:\users\taichi\desktop\steersuite\steerlib\include\modules/DummyAIModule.h(86): warning C4100: 'engineInfo': unreferenced formal parameter
c:\users\taichi\desktop\steersuite\steerlib\include\modules/DummyAIModule.h(86): warning C4100: 'options': unreferenced formal parameter
c:\users\taichi\desktop\steersuite\steerlib\include\modules/MetricsCollectorModule.h(27): warning C4100: 'options': unreferenced formal parameter
c:\users\taichi\desktop\steersuite\steerlib\include\modules/MetricsCollectorModule.h(55): warning C4100: 'frameNumber': unreferenced formal parameter
c:\users\taichi\desktop\steersuite\steerlib\include\modules/RecFilePlayerModule.h(23): warning C4100: 'engineInfo': unreferenced formal parameter
c:\users\taichi\desktop\steersuite\steerlib\include\modules/RecFilePlayerModule.h(23): warning C4100: 'initialConditions': unreferenced formal parameter
c:\users\taichi\desktop\steersuite\steerlib\include\modules/RecFilePlayerModule.h(24): warning C4100: 'frameNumber': unreferenced formal parameter
c:\users\taichi\desktop\steersuite\steerlib\include\modules/RecFilePlayerModule.h(24): warning C4100: 'dt': unreferenced formal parameter
c:\users\taichi\desktop\steersuite\steerlib\include\modules/RecFilePlayerModule.h(24): warning C4100: 'timeStamp': unreferenced formal parameter
c:\users\taichi\desktop\steersuite\steerlib\include\modules/RecFilePlayerModule.h(36): warning C4100: 'newGoal': unreferenced formal parameter
c:\users\taichi\desktop\steersuite\steerlib\include\modules/RecFilePlayerModule.h(43): warning C4100: 'rangeSq': unreferenced formal parameter
c:\users\taichi\desktop\steersuite\steerlib\include\modules/RecFilePlayerModule.h(43): warning C4100: 'agent': unreferenced formal parameter
c:\users\taichi\desktop\steersuite\steerlib\include\modules/SteerBenchModule.h(63): warning C4100: 'frameNumber': unreferenced formal parameter
c:\users\taichi\desktop\steersuite\steerlib\include\modules/SteerBenchModule.h(63): warning C4100: 'dt': unreferenced formal parameter
c:\users\taichi\desktop\steersuite\steerlib\include\modules/SteerBenchModule.h(63): warning C4100: 'timeStamp': unreferenced formal parameter
c:\users\taichi\desktop\steersuite\steerlib\include\modules/SteerBugModule.h(25): warning C4100: 'engineInfo': unreferenced formal parameter
c:\users\taichi\desktop\steersuite\steerlib\include\modules/SteerBugModule.h(25): warning C4100: 'options': unreferenced formal parameter
C:\Program Files (x86)\Windows Kits\10\Include\10.0.10240.0\ucrt\math.h(1001): warning C4005: 'M_PI': macro redefinition
  C:\Users\Taichi\Desktop\steersuite\steerlib\include\util/Geometry.h(35): note: see previous definition of 'M_PI'
C:\Program Files (x86)\Windows Kits\10\Include\10.0.10240.0\ucrt\math.h(1005): warning C4005: 'M_2_PI': macro redefinition
  C:\Users\Taichi\Desktop\steersuite\steerlib\include\util/Geometry.h(36): note: see previous definition of 'M_2_PI'
..\..\scenario\src\ScenarioModule.cpp(46): warning C4067: unexpected tokens following preprocessor directive - expected a newline
..\..\scenario\src\ScenarioModule.cpp(303): warning C4456: declaration of 'region' hides previous local declaration
  ..\..\scenario\src\ScenarioModule.cpp(278): note: see declaration of 'region'
..\..\scenario\src\ScenarioModule.cpp(306): warning C4244: '+=': conversion from 'double' to '::size_t', possible loss of data
..\..\scenario\src\ScenarioModule.cpp(356): warning C4244: '=': conversion from 'double' to 'int', possible loss of data
..\..\scenario\src\ScenarioModule.cpp(357): warning C4244: '=': conversion from 'double' to 'int', possible loss of data
..\..\scenario\src\ScenarioModule.cpp(358): warning C4244: '=': conversion from 'double' to 'int', possible loss of data
..\..\scenario\src\ScenarioModule.cpp(432): warning C4244: '=': conversion from 'double' to 'float', possible loss of data
..\..\scenario\src\ScenarioModule.cpp(450): warning C4244: '=': conversion from 'double' to 'float', possible loss of data
..\..\scenario\src\ScenarioModule.cpp(474): warning C4244: '=': conversion from 'double' to 'float', possible loss of data
..\..\scenario\src\ScenarioModule.cpp(628): warning C4244: '=': conversion from 'double' to 'float', possible loss of data
..\..\scenario\src\ScenarioModule.cpp(257): warning C4101: 'tmpstr': unreferenced local variable
..\..\scenario\src\ScenarioModule.cpp(1128): warning C4244: 'argument': conversion from 'double' to 'float', possible loss of data
..\..\scenario\src\ScenarioModule.cpp(1139): warning C4244: 'argument': conversion from 'double' to 'float', possible loss of data
..\..\scenario\src\ScenarioModule.cpp(1142): warning C4244: 'argument': conversion from 'double' to 'float', possible loss of data
..\..\scenario\src\ScenarioModule.cpp(1180): warning C4189: 'pathComplete': local variable is initialized but not referenced
..\..\scenario\src\ScenarioModule.cpp(1261): warning C4244: '=': conversion from 'float' to 'int', possible loss of data
..\..\scenario\src\ScenarioModule.cpp(1241): warning C4189: 'pathComplete': local variable is initialized but not referenced
..\..\scenario\src\ScenarioModule.cpp(1413): warning C4267: 'initializing': conversion from 'size_t' to 'unsigned int', possible loss of data
..\..\scenario\src\ScenarioModule.cpp(1414): warning C4267: 'initializing': conversion from 'size_t' to 'unsigned int', possible loss of data
..\..\scenario\src\ScenarioModule.cpp(1408): warning C4100: 'ac': unreferenced formal parameter
..\..\scenario\src\ScenarioModule.cpp(1413): warning C4189: 'testa': local variable is initialized but not referenced
..\..\scenario\src\ScenarioModule.cpp(1414): warning C4189: 'testb': local variable is initialized but not referenced
..\..\scenario\src\ScenarioModule.cpp(1445): warning C4267: '=': conversion from 'size_t' to 'int', possible loss of data
..\..\scenario\src\ScenarioModule.cpp(1468): warning C4100: 'ac': unreferenced formal parameter
..\..\scenario\src\ScenarioModule.cpp(1570): warning C4267: '=': conversion from 'size_t' to 'int', possible loss of data
..\..\scenario\src\ScenarioModule.cpp(1588): warning C4244: '=': conversion from 'int' to 'char', possible loss of data
..\..\scenario\src\ScenarioModule.cpp(1616): warning C4100: 'index': unreferenced formal parameter
..\..\scenario\src\ScenarioModule.cpp(1836): warning C4244: 'argument': conversion from 'double' to 'float', possible loss of data
..\..\scenario\src\ScenarioModule.cpp(1837): warning C4244: 'argument': conversion from 'double' to 'float', possible loss of data
..\..\scenario\src\ScenarioModule.cpp(1840): warning C4244: 'argument': conversion from 'double' to 'float', possible loss of data
..\..\scenario\src\ScenarioModule.cpp(1841): warning C4244: 'argument': conversion from 'double' to 'float', possible loss of data
..\..\scenario\src\ScenarioModule.cpp(1842): warning C4244: 'argument': conversion from 'double' to 'float', possible loss of data
..\..\scenario\src\ScenarioModule.cpp(1843): warning C4244: 'argument': conversion from 'double' to 'float', possible loss of data
..\..\scenario\src\ScenarioModule.cpp(1846): warning C4244: 'argument': conversion from 'double' to 'float', possible loss of data
..\..\scenario\src\ScenarioModule.cpp(1849): warning C4244: 'argument': conversion from 'double' to 'float', possible loss of data
..\..\scenario\src\ScenarioModule.cpp(1850): warning C4244: 'argument': conversion from 'double' to 'float', possible loss of data
..\..\scenario\src\ScenarioModule.cpp(1878): warning C4244: 'argument': conversion from 'double' to 'float', possible loss of data
..\..\scenario\src\ScenarioModule.cpp(1961): warning C4244: 'argument': conversion from 'double' to 'float', possible loss of data
..\..\scenario\src\ScenarioModule.cpp(1964): warning C4244: 'argument': conversion from 'double' to 'float', possible loss of data
..\..\scenario\src\ScenarioModule.cpp(1965): warning C4244: 'argument': conversion from 'double' to 'float', possible loss of data
..\..\scenario\src\ScenarioModule.cpp(1966): warning C4244: 'argument': conversion from 'double' to 'float', possible loss of data
..\..\scenario\src\ScenarioModule.cpp(1967): warning C4244: 'argument': conversion from 'double' to 'float', possible loss of data
..\..\scenario\src\ScenarioModule.cpp(1968): warning C4244: 'argument': conversion from 'double' to 'float', possible loss of data
..\..\scenario\src\ScenarioModule.cpp(1969): warning C4244: 'argument': conversion from 'double' to 'float', possible loss of data
..\..\scenario\src\ScenarioModule.cpp(2030): warning C4244: 'argument': conversion from 'double' to 'float', possible loss of data
..\..\scenario\src\ScenarioModule.cpp(2036): warning C4244: 'argument': conversion from 'double' to 'float', possible loss of data
..\..\scenario\src\ScenarioModule.cpp(2039): warning C4244: 'argument': conversion from 'double' to 'float', possible loss of data
..\..\scenario\src\ScenarioModule.cpp(2044): warning C4244: 'initializing': conversion from 'double' to 'int', possible loss of data
..\..\scenario\src\ScenarioModule.cpp(2059): warning C4244: 'argument': conversion from 'double' to 'float', possible loss of data
..\..\scenario\src\ScenarioModule.cpp(2065): warning C4244: 'argument': conversion from 'double' to 'float', possible loss of data
..\..\scenario\src\ScenarioModule.cpp(2067): warning C4244: 'argument': conversion from 'double' to 'float', possible loss of data
..\..\scenario\src\ScenarioModule.cpp(2073): warning C4244: 'argument': conversion from 'double' to 'float', possible loss of data
..\..\scenario\src\ScenarioModule.cpp(2075): warning C4244: 'argument': conversion from 'double' to 'float', possible loss of data
..\..\scenario\src\ScenarioModule.cpp(2079): warning C4244: 'argument': conversion from 'double' to 'float', possible loss of data
..\..\scenario\src\ScenarioModule.cpp(2081): warning C4244: 'argument': conversion from 'double' to 'float', possible loss of data
..\..\scenario\src\ScenarioModule.cpp(2088): warning C4244: 'argument': conversion from 'double' to 'float', possible loss of data
..\..\scenario\src\ScenarioModule.cpp(2090): warning C4244: 'argument': conversion from 'double' to 'float', possible loss of data
..\..\scenario\src\ScenarioModule.cpp(2094): warning C4244: 'argument': conversion from 'double' to 'float', possible loss of data
..\..\scenario\src\ScenarioModule.cpp(2096): warning C4244: 'argument': conversion from 'double' to 'float', possible loss of data
..\..\scenario\src\ScenarioModule.cpp(2104): warning C4244: 'argument': conversion from 'double' to 'float', possible loss of data
..\..\scenario\src\ScenarioModule.cpp(2106): warning C4244: 'argument': conversion from 'double' to 'float', possible loss of data
..\..\scenario\src\ScenarioModule.cpp(2110): warning C4244: 'argument': conversion from 'double' to 'float', possible loss of data
..\..\scenario\src\ScenarioModule.cpp(2112): warning C4244: 'argument': conversion from 'double' to 'float', possible loss of data
..\..\scenario\src\ScenarioModule.cpp(2116): warning C4244: 'argument': conversion from 'double' to 'float', possible loss of data
..\..\scenario\src\ScenarioModule.cpp(2118): warning C4244: 'argument': conversion from 'double' to 'float', possible loss of data
..\..\scenario\src\ScenarioModule.cpp(2122): warning C4244: 'argument': conversion from 'double' to 'float', possible loss of data
..\..\scenario\src\ScenarioModule.cpp(2124): warning C4244: 'argument': conversion from 'double' to 'float', possible loss of data
..\..\scenario\src\ScenarioModule.cpp(2133): warning C4244: 'argument': conversion from 'double' to 'float', possible loss of data
..\..\scenario\src\ScenarioModule.cpp(2136): warning C4244: 'argument': conversion from 'double' to 'float', possible loss of data
..\..\scenario\src\ScenarioModule.cpp(2145): warning C4244: 'argument': conversion from 'double' to 'float', possible loss of data
..\..\scenario\src\ScenarioModule.cpp(2147): warning C4244: 'argument': conversion from 'double' to 'float', possible loss of data
..\..\scenario\src\ScenarioModule.cpp(2150): warning C4244: 'argument': conversion from 'double' to 'float', possible loss of data
..\..\scenario\src\ScenarioModule.cpp(2162): warning C4244: 'argument': conversion from 'double' to 'float', possible loss of data
..\..\scenario\src\ScenarioModule.cpp(2163): warning C4244: 'argument': conversion from 'double' to 'float', possible loss of data
..\..\scenario\src\ScenarioModule.cpp(2166): warning C4244: 'argument': conversion from 'double' to 'float', possible loss of data
..\..\scenario\src\ScenarioModule.cpp(2167): warning C4244: 'argument': conversion from 'double' to 'float', possible loss of data
..\..\scenario\src\ScenarioModule.cpp(2176): warning C4244: 'argument': conversion from 'double' to 'float', possible loss of data
..\..\scenario\src\ScenarioModule.cpp(2177): warning C4244: 'argument': conversion from 'double' to 'float', possible loss of data
..\..\scenario\src\ScenarioModule.cpp(2181): warning C4244: 'argument': conversion from 'double' to 'float', possible loss of data
..\..\scenario\src\ScenarioModule.cpp(2182): warning C4244: 'argument': conversion from 'double' to 'float', possible loss of data
..\..\scenario\src\ScenarioModule.cpp(2186): warning C4244: 'argument': conversion from 'double' to 'float', possible loss of data
..\..\scenario\src\ScenarioModule.cpp(2187): warning C4244: 'argument': conversion from 'double' to 'float', possible loss of data
..\..\scenario\src\ScenarioModule.cpp(2195): warning C4244: 'argument': conversion from 'double' to 'float', possible loss of data
..\..\scenario\src\ScenarioModule.cpp(2196): warning C4244: 'argument': conversion from 'double' to 'float', possible loss of data
..\..\scenario\src\ScenarioModule.cpp(2199): warning C4244: 'argument': conversion from 'double' to 'float', possible loss of data
..\..\scenario\src\ScenarioModule.cpp(2200): warning C4244: 'argument': conversion from 'double' to 'float', possible loss of data
..\..\scenario\src\ScenarioModule.cpp(2203): warning C4244: 'argument': conversion from 'double' to 'float', possible loss of data
..\..\scenario\src\ScenarioModule.cpp(2204): warning C4244: 'argument': conversion from 'double' to 'float', possible loss of data
..\..\scenario\src\ScenarioModule.cpp(2217): warning C4244: 'argument': conversion from 'double' to 'float', possible loss of data
..\..\scenario\src\ScenarioModule.cpp(2218): warning C4244: 'argument': conversion from 'double' to 'float', possible loss of data
..\..\scenario\src\ScenarioModule.cpp(2221): warning C4244: 'argument': conversion from 'double' to 'float', possible loss of data
..\..\scenario\src\ScenarioModule.cpp(2222): warning C4244: 'argument': conversion from 'double' to 'float', possible loss of data
..\..\scenario\src\ScenarioModule.cpp(2225): warning C4244: 'argument': conversion from 'double' to 'float', possible loss of data
..\..\scenario\src\ScenarioModule.cpp(2226): warning C4244: 'argument': conversion from 'double' to 'float', possible loss of data
..\..\scenario\src\ScenarioModule.cpp(2235): warning C4244: 'argument': conversion from 'double' to 'float', possible loss of data
..\..\scenario\src\ScenarioModule.cpp(2236): warning C4244: 'argument': conversion from 'double' to 'float', possible loss of data
..\..\scenario\src\ScenarioModule.cpp(2241): warning C4244: 'argument': conversion from 'double' to 'float', possible loss of data
..\..\scenario\src\ScenarioModule.cpp(2242): warning C4244: 'argument': conversion from 'double' to 'float', possible loss of data
..\..\scenario\src\ScenarioModule.cpp(2246): warning C4244: 'argument': conversion from 'double' to 'float', possible loss of data
..\..\scenario\src\ScenarioModule.cpp(2247): warning C4244: 'argument': conversion from 'double' to 'float', possible loss of data
..\..\scenario\src\ScenarioModule.cpp(2253): warning C4244: 'argument': conversion from 'double' to 'float', possible loss of data
..\..\scenario\src\ScenarioModule.cpp(2254): warning C4244: 'argument': conversion from 'double' to 'float', possible loss of data
..\..\scenario\src\ScenarioModule.cpp(2258): warning C4244: 'argument': conversion from 'double' to 'float', possible loss of data
..\..\scenario\src\ScenarioModule.cpp(2259): warning C4244: 'argument': conversion from 'double' to 'float', possible loss of data
..\..\scenario\src\ScenarioModule.cpp(2269): warning C4244: 'argument': conversion from 'double' to 'float', possible loss of data
..\..\scenario\src\ScenarioModule.cpp(2270): warning C4244: 'argument': conversion from 'double' to 'float', possible loss of data
..\..\scenario\src\ScenarioModule.cpp(2273): warning C4244: 'argument': conversion from 'double' to 'float', possible loss of data
..\..\scenario\src\ScenarioModule.cpp(2274): warning C4244: 'argument': conversion from 'double' to 'float', possible loss of data
..\..\scenario\src\ScenarioModule.cpp(2278): warning C4244: 'argument': conversion from 'double' to 'float', possible loss of data
..\..\scenario\src\ScenarioModule.cpp(2279): warning C4244: 'argument': conversion from 'double' to 'float', possible loss of data
..\..\scenario\src\ScenarioModule.cpp(2282): warning C4244: 'argument': conversion from 'double' to 'float', possible loss of data
..\..\scenario\src\ScenarioModule.cpp(2283): warning C4244: 'argument': conversion from 'double' to 'float', possible loss of data
..\..\scenario\src\ScenarioModule.cpp(2291): warning C4244: 'argument': conversion from 'double' to 'float', possible loss of data
..\..\scenario\src\ScenarioModule.cpp(2292): warning C4244: 'argument': conversion from 'double' to 'float', possible loss of data
..\..\scenario\src\ScenarioModule.cpp(2296): warning C4244: 'argument': conversion from 'double' to 'float', possible loss of data
..\..\scenario\src\ScenarioModule.cpp(2297): warning C4244: 'argument': conversion from 'double' to 'float', possible loss of data
..\..\scenario\src\ScenarioModule.cpp(2301): warning C4244: 'argument': conversion from 'double' to 'float', possible loss of data
..\..\scenario\src\ScenarioModule.cpp(2302): warning C4244: 'argument': conversion from 'double' to 'float', possible loss of data
..\..\scenario\src\ScenarioModule.cpp(2306): warning C4244: 'argument': conversion from 'double' to 'float', possible loss of data
..\..\scenario\src\ScenarioModule.cpp(2307): warning C4244: 'argument': conversion from 'double' to 'float', possible loss of data
..\..\scenario\src\ScenarioModule.cpp(2328): warning C4244: '=': conversion from 'double' to 'float', possible loss of data
..\..\scenario\src\ScenarioModule.cpp(2330): warning C4244: '=': conversion from 'double' to 'float', possible loss of data
..\..\scenario\src\ScenarioModule.cpp(2365): warning C4244: 'argument': conversion from 'double' to 'float', possible loss of data
..\..\scenario\src\ScenarioModule.cpp(2386): warning C4244: '=': conversion from 'double' to 'float', possible loss of data
..\..\scenario\src\ScenarioModule.cpp(2396): warning C4244: '=': conversion from 'double' to 'float', possible loss of data
..\..\scenario\src\ScenarioModule.cpp(2414): warning C4244: 'argument': conversion from 'double' to 'float', possible loss of data
..\..\scenario\src\ScenarioModule.cpp(2436): warning C4305: 'argument': truncation from 'double' to 'float'
..\..\scenario\src\ScenarioModule.cpp(2437): warning C4305: 'argument': truncation from 'double' to 'float'
..\..\scenario\src\ScenarioModule.cpp(2438): warning C4305: 'argument': truncation from 'double' to 'float'
..\..\scenario\src\ScenarioModule.cpp(2485): warning C4456: declaration of 'directionX' hides previous local declaration
  ..\..\scenario\src\ScenarioModule.cpp(2412): note: see declaration of 'directionX'
..\..\scenario\src\ScenarioModule.cpp(2486): warning C4456: declaration of 'directionY' hides previous local declaration
  ..\..\scenario\src\ScenarioModule.cpp(2413): note: see declaration of 'directionY'
..\..\scenario\src\ScenarioModule.cpp(2487): warning C4244: 'argument': conversion from 'double' to 'float', possible loss of data
..\..\scenario\src\ScenarioModule.cpp(1812): warning C4100: 'reduced': unreferenced formal parameter
..\..\scenario\src\ScenarioModule.cpp(2739): warning C4244: 'argument': conversion from 'double' to 'float', possible loss of data
..\..\scenario\src\ScenarioModule.cpp(2740): warning C4244: 'argument': conversion from 'double' to 'float', possible loss of data
..\..\scenario\src\ScenarioModule.cpp(2743): warning C4244: 'argument': conversion from 'double' to 'float', possible loss of data
..\..\scenario\src\ScenarioModule.cpp(2744): warning C4244: 'argument': conversion from 'double' to 'float', possible loss of data
..\..\scenario\src\ScenarioModule.cpp(2745): warning C4244: 'argument': conversion from 'double' to 'float', possible loss of data
..\..\scenario\src\ScenarioModule.cpp(2746): warning C4244: 'argument': conversion from 'double' to 'float', possible loss of data
..\..\scenario\src\ScenarioModule.cpp(2781): warning C4244: 'argument': conversion from 'double' to 'float', possible loss of data
..\..\scenario\src\ScenarioModule.cpp(2861): warning C4244: 'argument': conversion from 'double' to 'float', possible loss of data
..\..\scenario\src\ScenarioModule.cpp(2864): warning C4244: 'argument': conversion from 'double' to 'float', possible loss of data
..\..\scenario\src\ScenarioModule.cpp(2865): warning C4244: 'argument': conversion from 'double' to 'float', possible loss of data
..\..\scenario\src\ScenarioModule.cpp(2866): warning C4244: 'argument': conversion from 'double' to 'float', possible loss of data
..\..\scenario\src\ScenarioModule.cpp(2867): warning C4244: 'argument': conversion from 'double' to 'float', possible loss of data
..\..\scenario\src\ScenarioModule.cpp(2868): warning C4244: 'argument': conversion from 'double' to 'float', possible loss of data
..\..\scenario\src\ScenarioModule.cpp(2869): warning C4244: 'argument': conversion from 'double' to 'float', possible loss of data
..\..\scenario\src\ScenarioModule.cpp(2954): warning C4244: 'argument': conversion from 'double' to 'float', possible loss of data
..\..\scenario\src\ScenarioModule.cpp(2957): warning C4244: 'argument': conversion from 'double' to 'float', possible loss of data
..\..\scenario\src\ScenarioModule.cpp(2962): warning C4244: 'initializing': conversion from 'double' to 'int', possible loss of data
..\..\scenario\src\ScenarioModule.cpp(2977): warning C4244: 'argument': conversion from 'double' to 'float', possible loss of data
..\..\scenario\src\ScenarioModule.cpp(2983): warning C4244: 'argument': conversion from 'double' to 'float', possible loss of data
..\..\scenario\src\ScenarioModule.cpp(2985): warning C4244: 'argument': conversion from 'double' to 'float', possible loss of data
..\..\scenario\src\ScenarioModule.cpp(2991): warning C4244: 'argument': conversion from 'double' to 'float', possible loss of data
..\..\scenario\src\ScenarioModule.cpp(2993): warning C4244: 'argument': conversion from 'double' to 'float', possible loss of data
..\..\scenario\src\ScenarioModule.cpp(2997): warning C4244: 'argument': conversion from 'double' to 'float', possible loss of data
..\..\scenario\src\ScenarioModule.cpp(2999): warning C4244: 'argument': conversion from 'double' to 'float', possible loss of data
..\..\scenario\src\ScenarioModule.cpp(3006): warning C4244: 'argument': conversion from 'double' to 'float', possible loss of data
..\..\scenario\src\ScenarioModule.cpp(3008): warning C4244: 'argument': conversion from 'double' to 'float', possible loss of data
..\..\scenario\src\ScenarioModule.cpp(3012): warning C4244: 'argument': conversion from 'double' to 'float', possible loss of data
..\..\scenario\src\ScenarioModule.cpp(3014): warning C4244: 'argument': conversion from 'double' to 'float', possible loss of data
..\..\scenario\src\ScenarioModule.cpp(3022): warning C4244: 'argument': conversion from 'double' to 'float', possible loss of data
..\..\scenario\src\ScenarioModule.cpp(3024): warning C4244: 'argument': conversion from 'double' to 'float', possible loss of data
..\..\scenario\src\ScenarioModule.cpp(3028): warning C4244: 'argument': conversion from 'double' to 'float', possible loss of data
..\..\scenario\src\ScenarioModule.cpp(3030): warning C4244: 'argument': conversion from 'double' to 'float', possible loss of data
..\..\scenario\src\ScenarioModule.cpp(3034): warning C4244: 'argument': conversion from 'double' to 'float', possible loss of data
..\..\scenario\src\ScenarioModule.cpp(3036): warning C4244: 'argument': conversion from 'double' to 'float', possible loss of data
..\..\scenario\src\ScenarioModule.cpp(3040): warning C4244: 'argument': conversion from 'double' to 'float', possible loss of data
..\..\scenario\src\ScenarioModule.cpp(3042): warning C4244: 'argument': conversion from 'double' to 'float', possible loss of data
..\..\scenario\src\ScenarioModule.cpp(3051): warning C4244: 'argument': conversion from 'double' to 'float', possible loss of data
..\..\scenario\src\ScenarioModule.cpp(3054): warning C4244: 'argument': conversion from 'double' to 'float', possible loss of data
..\..\scenario\src\ScenarioModule.cpp(3063): warning C4244: 'argument': conversion from 'double' to 'float', possible loss of data
..\..\scenario\src\ScenarioModule.cpp(3065): warning C4244: 'argument': conversion from 'double' to 'float', possible loss of data
..\..\scenario\src\ScenarioModule.cpp(3068): warning C4244: 'argument': conversion from 'double' to 'float', possible loss of data
..\..\scenario\src\ScenarioModule.cpp(3080): warning C4244: 'argument': conversion from 'double' to 'float', possible loss of data
..\..\scenario\src\ScenarioModule.cpp(3081): warning C4244: 'argument': conversion from 'double' to 'float', possible loss of data
..\..\scenario\src\ScenarioModule.cpp(3084): warning C4244: 'argument': conversion from 'double' to 'float', possible loss of data
..\..\scenario\src\ScenarioModule.cpp(3085): warning C4244: 'argument': conversion from 'double' to 'float', possible loss of data
..\..\scenario\src\ScenarioModule.cpp(3094): warning C4244: 'argument': conversion from 'double' to 'float', possible loss of data
..\..\scenario\src\ScenarioModule.cpp(3095): warning C4244: 'argument': conversion from 'double' to 'float', possible loss of data
..\..\scenario\src\ScenarioModule.cpp(3099): warning C4244: 'argument': conversion from 'double' to 'float', possible loss of data
..\..\scenario\src\ScenarioModule.cpp(3100): warning C4244: 'argument': conversion from 'double' to 'float', possible loss of data
..\..\scenario\src\ScenarioModule.cpp(3104): warning C4244: 'argument': conversion from 'double' to 'float', possible loss of data
..\..\scenario\src\ScenarioModule.cpp(3105): warning C4244: 'argument': conversion from 'double' to 'float', possible loss of data
..\..\scenario\src\ScenarioModule.cpp(3113): warning C4244: 'argument': conversion from 'double' to 'float', possible loss of data
..\..\scenario\src\ScenarioModule.cpp(3114): warning C4244: 'argument': conversion from 'double' to 'float', possible loss of data
..\..\scenario\src\ScenarioModule.cpp(3117): warning C4244: 'argument': conversion from 'double' to 'float', possible loss of data
..\..\scenario\src\ScenarioModule.cpp(3118): warning C4244: 'argument': conversion from 'double' to 'float', possible loss of data
..\..\scenario\src\ScenarioModule.cpp(3121): warning C4244: 'argument': conversion from 'double' to 'float', possible loss of data
..\..\scenario\src\ScenarioModule.cpp(3122): warning C4244: 'argument': conversion from 'double' to 'float', possible loss of data
..\..\scenario\src\ScenarioModule.cpp(3135): warning C4244: 'argument': conversion from 'double' to 'float', possible loss of data
..\..\scenario\src\ScenarioModule.cpp(3136): warning C4244: 'argument': conversion from 'double' to 'float', possible loss of data
..\..\scenario\src\ScenarioModule.cpp(3139): warning C4244: 'argument': conversion from 'double' to 'float', possible loss of data
..\..\scenario\src\ScenarioModule.cpp(3140): warning C4244: 'argument': conversion from 'double' to 'float', possible loss of data
..\..\scenario\src\ScenarioModule.cpp(3143): warning C4244: 'argument': conversion from 'double' to 'float', possible loss of data
..\..\scenario\src\ScenarioModule.cpp(3144): warning C4244: 'argument': conversion from 'double' to 'float', possible loss of data
..\..\scenario\src\ScenarioModule.cpp(3153): warning C4244: 'argument': conversion from 'double' to 'float', possible loss of data
..\..\scenario\src\ScenarioModule.cpp(3154): warning C4244: 'argument': conversion from 'double' to 'float', possible loss of data
..\..\scenario\src\ScenarioModule.cpp(3159): warning C4244: 'argument': conversion from 'double' to 'float', possible loss of data
..\..\scenario\src\ScenarioModule.cpp(3160): warning C4244: 'argument': conversion from 'double' to 'float', possible loss of data
..\..\scenario\src\ScenarioModule.cpp(3164): warning C4244: 'argument': conversion from 'double' to 'float', possible loss of data
..\..\scenario\src\ScenarioModule.cpp(3165): warning C4244: 'argument': conversion from 'double' to 'float', possible loss of data
..\..\scenario\src\ScenarioModule.cpp(3171): warning C4244: 'argument': conversion from 'double' to 'float', possible loss of data
..\..\scenario\src\ScenarioModule.cpp(3172): warning C4244: 'argument': conversion from 'double' to 'float', possible loss of data
..\..\scenario\src\ScenarioModule.cpp(3176): warning C4244: 'argument': conversion from 'double' to 'float', possible loss of data
..\..\scenario\src\ScenarioModule.cpp(3177): warning C4244: 'argument': conversion from 'double' to 'float', possible loss of data
..\..\scenario\src\ScenarioModule.cpp(3187): warning C4244: 'argument': conversion from 'double' to 'float', possible loss of data
..\..\scenario\src\ScenarioModule.cpp(3188): warning C4244: 'argument': conversion from 'double' to 'float', possible loss of data
..\..\scenario\src\ScenarioModule.cpp(3191): warning C4244: 'argument': conversion from 'double' to 'float', possible loss of data
..\..\scenario\src\ScenarioModule.cpp(3192): warning C4244: 'argument': conversion from 'double' to 'float', possible loss of data
..\..\scenario\src\ScenarioModule.cpp(3196): warning C4244: 'argument': conversion from 'double' to 'float', possible loss of data
..\..\scenario\src\ScenarioModule.cpp(3197): warning C4244: 'argument': conversion from 'double' to 'float', possible loss of data
..\..\scenario\src\ScenarioModule.cpp(3200): warning C4244: 'argument': conversion from 'double' to 'float', possible loss of data
..\..\scenario\src\ScenarioModule.cpp(3201): warning C4244: 'argument': conversion from 'double' to 'float', possible loss of data
..\..\scenario\src\ScenarioModule.cpp(3209): warning C4244: 'argument': conversion from 'double' to 'float', possible loss of data
..\..\scenario\src\ScenarioModule.cpp(3210): warning C4244: 'argument': conversion from 'double' to 'float', possible loss of data
..\..\scenario\src\ScenarioModule.cpp(3214): warning C4244: 'argument': conversion from 'double' to 'float', possible loss of data
..\..\scenario\src\ScenarioModule.cpp(3215): warning C4244: 'argument': conversion from 'double' to 'float', possible loss of data
..\..\scenario\src\ScenarioModule.cpp(3219): warning C4244: 'argument': conversion from 'double' to 'float', possible loss of data
..\..\scenario\src\ScenarioModule.cpp(3220): warning C4244: 'argument': conversion from 'double' to 'float', possible loss of data
..\..\scenario\src\ScenarioModule.cpp(3224): warning C4244: 'argument': conversion from 'double' to 'float', possible loss of data
..\..\scenario\src\ScenarioModule.cpp(3225): warning C4244: 'argument': conversion from 'double' to 'float', possible loss of data
..\..\scenario\src\ScenarioModule.cpp(3246): warning C4244: '=': conversion from 'double' to 'float', possible loss of data
..\..\scenario\src\ScenarioModule.cpp(3248): warning C4244: '=': conversion from 'double' to 'float', possible loss of data
..\..\scenario\src\ScenarioModule.cpp(3283): warning C4244: 'argument': conversion from 'double' to 'float', possible loss of data
..\..\scenario\src\ScenarioModule.cpp(3304): warning C4244: '=': conversion from 'double' to 'float', possible loss of data
..\..\scenario\src\ScenarioModule.cpp(3313): warning C4244: '=': conversion from 'double' to 'float', possible loss of data
..\..\scenario\src\ScenarioModule.cpp(3337): warning C4244: 'argument': conversion from 'double' to 'float', possible loss of data
..\..\scenario\src\ScenarioModule.cpp(2715): warning C4100: 'reduced': unreferenced formal parameter
..\..\scenario\src\ScenarioModule.cpp(3618): warning C4100: 'dt': unreferenced formal parameter
..\..\scenario\src\ScenarioModule.cpp(3618): warning C4100: 'timeStamp': unreferenced formal parameter
..\..\scenario\src\ScenarioModule.cpp(3851): warning C4458: declaration of 'optimalTime' hides class member
  C:\Users\Taichi\Desktop\steersuite\scenario\include\ScenarioModule.h(188): note: see declaration of 'ScenarioModule::optimalTime'
..\..\scenario\src\ScenarioModule.cpp(3950): warning C4456: declaration of 'thing' hides previous local declaration
  ..\..\scenario\src\ScenarioModule.cpp(3878): note: see declaration of 'thing'
..\..\scenario\src\ScenarioModule.cpp(3661): warning C4100: 'dt': unreferenced formal parameter
..\..\scenario\src\ScenarioModule.cpp(3661): warning C4100: 'timeStamp': unreferenced formal parameter
..\..\scenario\src\ScenarioModule.cpp(3887): warning C4189: 'agent_succ': local variable is initialized but not referenced
c:\users\taichi\desktop\steersuite\util\include\LogObject.h(55): warning C4244: '=': conversion from 'int' to 'float', possible loss of data
  ..\..\scenario\src\ScenarioModule.cpp(3747): note: see reference to function template instantiation 'void LogObject::addLogData<int>(T)' being compiled
          with
          [
              T=int
          ]
c:\users\taichi\desktop\steersuite\util\include\LogObject.h(65): warning C4244: 'argument': conversion from 'int' to 'const char', possible loss of data
c:\users\taichi\desktop\steersuite\util\include\LogObject.h(47): warning C4244: '=': conversion from '__int64' to 'int', possible loss of data
  ..\..\scenario\src\ScenarioModule.cpp(3752): note: see reference to function template instantiation 'void LogObject::addLogData<__int64>(T)' being compiled
          with
          [
              T=__int64
          ]
c:\users\taichi\desktop\steersuite\util\include\LogObject.h(55): warning C4244: '=': conversion from '__int64' to 'float', possible loss of data
c:\users\taichi\desktop\steersuite\util\include\LogObject.h(65): warning C4244: 'argument': conversion from '__int64' to 'const char', possible loss of data
c:\users\taichi\desktop\steersuite\util\include\LogObject.h(47): warning C4244: '=': conversion from 'float' to 'int', possible loss of data
  ..\..\scenario\src\ScenarioModule.cpp(3768): note: see reference to function template instantiation 'void LogObject::addLogData<_Ty>(T)' being compiled
          with
          [
              _Ty=float,
              T=float
          ]
c:\users\taichi\desktop\steersuite\util\include\LogObject.h(60): warning C4244: '=': conversion from 'float' to '__int64', possible loss of data
c:\users\taichi\desktop\steersuite\util\include\LogObject.h(65): warning C4244: 'argument': conversion from 'float' to 'const char', possible loss of data
c:\program files (x86)\microsoft visual studio\2017\community\vc\auxiliary\vs\include\gl\freeglut_std.h(623): warning C4505: 'glutInit_ATEXIT_HACK': unreferenced local function has been removed
c:\program files (x86)\microsoft visual studio\2017\community\vc\auxiliary\vs\include\gl\freeglut_std.h(625): warning C4505: 'glutCreateWindow_ATEXIT_HACK': unreferenced local function has been removed
c:\program files (x86)\microsoft visual studio\2017\community\vc\auxiliary\vs\include\gl\freeglut_std.h(627): warning C4505: 'glutCreateMenu_ATEXIT_HACK': unreferenced local function has been removed
     Creating library ..\bin\scenario.lib and object ..\bin\scenario.exp
  scenario.vcxproj -> C:\Users\Taichi\Desktop\steersuite\build\vs2012\..\bin\scenario.dll
  scenario.vcxproj -> ..\bin\scenario.pdb (Full PDB)
